TN:
SF:src\App.jsx
FN:6,App
FNF:1
FNH:0
FNDA:0,App
DA:7,0
LF:1
LH:0
BRF:0
BRH:0
end_of_record
TN:
SF:src\app\components\CheckFeedbackBanner.jsx
FN:4,CheckFeedbackBanner
FNF:1
FNH:1
FNDA:15,CheckFeedbackBanner
DA:11,15
DA:13,15
DA:35,1
LF:3
LH:3
BRDA:6,0,0,15
BRDA:7,1,0,15
BRDA:11,2,0,15
BRDA:11,2,1,13
BRDA:14,3,0,4
BRDA:14,3,1,11
BRDA:15,4,0,4
BRDA:15,4,1,11
BRDA:15,5,0,4
BRDA:15,5,1,11
BRDA:17,6,0,4
BRDA:17,6,1,11
BRDA:18,7,0,1
BRDA:18,7,1,10
BRDA:23,8,0,15
BRDA:23,8,1,11
BRDA:23,8,2,3
BRDA:26,9,0,15
BRDA:26,9,1,11
BRDA:26,9,2,3
BRF:20
BRH:20
end_of_record
TN:
SF:src\app\components\CollapsibleIframePreview.jsx
FN:5,CollapsibleIframePreview
FNF:1
FNH:0
FNDA:0,CollapsibleIframePreview
DA:6,0
DA:7,0
DA:19,0
DA:34,0
LF:4
LH:0
BRDA:5,0,0,0
BRDA:5,1,0,0
BRDA:6,2,0,0
BRDA:6,2,1,0
BRF:4
BRH:0
end_of_record
TN:
SF:src\app\components\CollapsiblePanelControls.jsx
FN:3,CollapseTabButton
FN:23,CollapsedPanelRail
FN:45,AnimatedPanelShell
FNF:3
FNH:0
FNDA:0,CollapseTabButton
FNDA:0,CollapsedPanelRail
FNDA:0,AnimatedPanelShell
DA:10,0
DA:31,0
DA:46,0
DA:48,0
DA:55,0
LF:5
LH:0
BRDA:5,0,0,0
BRDA:6,1,0,0
BRDA:7,2,0,0
BRDA:18,3,0,0
BRDA:18,3,1,0
BRDA:25,4,0,0
BRDA:26,5,0,0
BRDA:27,6,0,0
BRDA:28,7,0,0
BRDA:39,8,0,0
BRDA:39,8,1,0
BRDA:45,9,0,0
BRDA:46,10,0,0
BRDA:46,10,1,0
BRF:14
BRH:0
end_of_record
TN:
SF:src\app\components\ExplainerPanel.jsx
FN:4,ExplainerPanel
FN:13,(anonymous_1)
FN:13,(anonymous_2)
FNF:3
FNH:0
FNDA:0,ExplainerPanel
FNDA:0,(anonymous_1)
FNDA:0,(anonymous_2)
DA:5,0
DA:6,0
DA:8,0
DA:13,0
DA:32,0
LF:5
LH:0
BRDA:4,0,0,0
BRDA:4,1,0,0
BRDA:4,2,0,0
BRDA:6,3,0,0
BRDA:6,3,1,0
BRDA:9,4,0,0
BRDA:9,4,1,0
BRDA:10,5,0,0
BRDA:10,5,1,0
BRDA:17,6,0,0
BRDA:17,6,1,0
BRDA:20,7,0,0
BRDA:20,7,1,0
BRDA:23,8,0,0
BRDA:23,8,1,0
BRDA:24,9,0,0
BRDA:24,9,1,0
BRF:17
BRH:0
end_of_record
TN:
SF:src\app\components\HtmlEditor.jsx
FN:5,HtmlEditor
FN:7,(anonymous_1)
FN:14,(anonymous_2)
FN:22,(anonymous_3)
FN:35,(anonymous_4)
FN:35,(anonymous_5)
FN:56,(anonymous_6)
FNF:7
FNH:0
FNDA:0,HtmlEditor
FNDA:0,(anonymous_1)
FNDA:0,(anonymous_2)
FNDA:0,(anonymous_3)
FNDA:0,(anonymous_4)
FNDA:0,(anonymous_5)
FNDA:0,(anonymous_6)
DA:6,0
DA:7,0
DA:8,0
DA:10,0
DA:15,0
DA:22,0
DA:35,0
DA:56,0
DA:64,0
LF:9
LH:0
BRDA:5,0,0,0
BRDA:5,1,0,0
BRDA:5,2,0,0
BRDA:7,3,0,0
BRDA:7,3,1,0
BRDA:8,4,0,0
BRDA:8,4,1,0
BRDA:13,5,0,0
BRDA:13,5,1,0
BRDA:17,6,0,0
BRDA:17,6,1,0
BRDA:20,7,0,0
BRDA:20,7,1,0
BRDA:27,8,0,0
BRDA:27,8,1,0
BRDA:29,9,0,0
BRDA:29,9,1,0
BRDA:33,10,0,0
BRDA:33,10,1,0
BRDA:43,11,0,0
BRDA:43,11,1,0
BRDA:43,11,2,0
BRDA:50,12,0,0
BRDA:50,12,1,0
BRDA:54,13,0,0
BRDA:54,13,1,0
BRDA:57,14,0,0
BRDA:57,14,1,0
BRF:28
BRH:0
end_of_record
TN:
SF:src\app\components\IframePreview.jsx
FN:3,IframePreview
FN:9,(anonymous_1)
FN:12,(anonymous_2)
FN:17,(anonymous_3)
FN:18,onMessage
FN:21,(anonymous_5)
FN:28,(anonymous_6)
FN:35,(anonymous_7)
FN:44,(anonymous_8)
FN:51,(anonymous_9)
FN:73,(anonymous_10)
FN:87,rowStyle
FN:96,tagStyle
FNF:13
FNH:0
FNDA:0,IframePreview
FNDA:0,(anonymous_1)
FNDA:0,(anonymous_2)
FNDA:0,(anonymous_3)
FNDA:0,onMessage
FNDA:0,(anonymous_5)
FNDA:0,(anonymous_6)
FNDA:0,(anonymous_7)
FNDA:0,(anonymous_8)
FNDA:0,(anonymous_9)
FNDA:0,(anonymous_10)
FNDA:0,rowStyle
FNDA:0,tagStyle
DA:4,0
DA:5,0
DA:6,0
DA:9,0
DA:12,0
DA:13,0
DA:17,0
DA:19,0
DA:20,0
DA:21,0
DA:27,0
DA:28,0
DA:31,0
DA:35,0
DA:37,0
DA:44,0
DA:51,0
DA:74,0
DA:88,0
DA:89,0
DA:90,0
DA:91,0
DA:92,0
DA:97,0
DA:98,0
DA:99,0
DA:100,0
DA:101,0
DA:105,0
LF:29
LH:0
BRDA:3,0,0,0
BRDA:3,1,0,0
BRDA:3,2,0,0
BRDA:3,3,0,0
BRDA:13,4,0,0
BRDA:13,4,1,0
BRDA:19,5,0,0
BRDA:19,5,1,0
BRDA:19,6,0,0
BRDA:19,6,1,0
BRDA:20,7,0,0
BRDA:20,7,1,0
BRDA:20,8,0,0
BRDA:20,8,1,0
BRDA:31,9,0,0
BRDA:31,9,1,0
BRDA:40,10,0,0
BRDA:40,10,1,0
BRDA:42,11,0,0
BRDA:42,11,1,0
BRDA:43,12,0,0
BRDA:43,12,1,0
BRDA:49,13,0,0
BRDA:49,13,1,0
BRDA:50,14,0,0
BRDA:50,14,1,0
BRDA:54,15,0,0
BRDA:54,15,1,0
BRDA:56,16,0,0
BRDA:56,16,1,0
BRDA:62,17,0,0
BRDA:62,17,1,0
BRDA:63,18,0,0
BRDA:63,18,1,0
BRDA:68,19,0,0
BRDA:68,19,1,0
BRDA:70,20,0,0
BRDA:70,20,1,0
BRDA:88,21,0,0
BRDA:88,21,1,0
BRDA:88,21,2,0
BRDA:88,21,3,0
BRDA:97,22,0,0
BRDA:97,22,1,0
BRDA:97,22,2,0
BRDA:97,22,3,0
BRF:46
BRH:0
end_of_record
TN:
SF:src\app\components\InformationTask.jsx
FN:5,lessonTypeLabel
FN:12,InformationTask
FNF:2
FNH:0
FNDA:0,lessonTypeLabel
FNDA:0,InformationTask
DA:6,0
DA:7,0
DA:8,0
DA:9,0
DA:13,0
DA:14,0
DA:16,0
DA:17,0
DA:31,0
DA:32,0
DA:44,0
LF:11
LH:0
BRDA:6,0,0,0
BRDA:6,0,1,0
BRDA:7,1,0,0
BRDA:7,1,1,0
BRDA:8,2,0,0
BRDA:8,2,1,0
BRDA:9,3,0,0
BRDA:9,3,1,0
BRDA:12,4,0,0
BRDA:13,5,0,0
BRDA:13,5,1,0
BRDA:16,6,0,0
BRDA:16,6,1,0
BRDA:20,7,0,0
BRDA:20,7,1,0
BRDA:20,7,2,0
BRDA:22,8,0,0
BRDA:22,8,1,0
BRDA:25,9,0,0
BRDA:25,9,1,0
BRDA:31,10,0,0
BRDA:31,10,1,0
BRDA:38,11,0,0
BRDA:38,11,1,0
BRDA:47,12,0,0
BRDA:47,12,1,0
BRF:26
BRH:0
end_of_record
TN:
SF:src\app\components\JoinChoiceScreen.jsx
FN:3,JoinChoiceScreen
FNF:1
FNH:0
FNDA:0,JoinChoiceScreen
DA:4,0
DA:32,0
LF:2
LH:0
BRDA:13,0,0,0
BRDA:13,0,1,0
BRDA:15,1,0,0
BRDA:15,1,1,0
BRF:4
BRH:0
end_of_record
TN:
SF:src\app\components\JoinSessionPrompt.jsx
FN:3,JoinSessionPrompt
FNF:1
FNH:0
FNDA:0,JoinSessionPrompt
DA:4,0
DA:32,0
LF:2
LH:0
BRF:0
BRH:0
end_of_record
TN:
SF:src\app\components\NameEntry.jsx
FN:3,applySuffix
FN:10,NameEntry
FN:14,handleSubmit
FN:41,(anonymous_3)
FN:45,(anonymous_4)
FN:63,(anonymous_5)
FNF:6
FNH:0
FNDA:0,applySuffix
FNDA:0,NameEntry
FNDA:0,handleSubmit
FNDA:0,(anonymous_3)
FNDA:0,(anonymous_4)
FNDA:0,(anonymous_5)
DA:4,0
DA:5,0
DA:6,0
DA:7,0
DA:11,0
DA:12,0
DA:15,0
DA:16,0
DA:17,0
DA:18,0
DA:19,0
DA:20,0
DA:21,0
DA:23,0
DA:26,0
DA:41,0
DA:45,0
DA:63,0
DA:83,0
LF:19
LH:0
BRDA:4,0,0,0
BRDA:4,0,1,0
BRDA:10,1,0,0
BRDA:10,2,0,0
BRDA:17,3,0,0
BRDA:17,3,1,0
BRDA:19,4,0,0
BRDA:19,4,1,0
BRDA:19,5,0,0
BRDA:19,5,1,0
BRDA:23,6,0,0
BRDA:23,6,1,0
BRDA:34,7,0,0
BRDA:34,7,1,0
BRDA:52,8,0,0
BRDA:52,8,1,0
BRDA:68,9,0,0
BRDA:68,9,1,0
BRDA:70,10,0,0
BRDA:70,10,1,0
BRF:20
BRH:0
end_of_record
TN:
SF:src\app\components\OutputPanel.jsx
FN:9,OutputPanel
FN:27,(anonymous_1)
FN:35,(anonymous_2)
FN:43,(anonymous_3)
FN:44,(anonymous_4)
FN:73,(anonymous_5)
FN:77,(anonymous_6)
FN:82,(anonymous_7)
FN:88,handleInputSubmit
FN:103,(anonymous_9)
FN:103,(anonymous_10)
FN:111,(anonymous_11)
FN:131,(anonymous_12)
FNF:13
FNH:0
FNDA:0,OutputPanel
FNDA:0,(anonymous_1)
FNDA:0,(anonymous_2)
FNDA:0,(anonymous_3)
FNDA:0,(anonymous_4)
FNDA:0,(anonymous_5)
FNDA:0,(anonymous_6)
FNDA:0,(anonymous_7)
FNDA:0,handleInputSubmit
FNDA:0,(anonymous_9)
FNDA:0,(anonymous_10)
FNDA:0,(anonymous_11)
FNDA:0,(anonymous_12)
DA:3,0
DA:18,0
DA:19,0
DA:20,0
DA:22,0
DA:23,0
DA:24,0
DA:27,0
DA:28,0
DA:29,0
DA:31,0
DA:35,0
DA:36,0
DA:37,0
DA:38,0
DA:41,0
DA:43,0
DA:44,0
DA:45,0
DA:47,0
DA:48,0
DA:49,0
DA:52,0
DA:53,0
DA:56,0
DA:57,0
DA:58,0
DA:59,0
DA:60,0
DA:61,0
DA:62,0
DA:63,0
DA:64,0
DA:65,0
DA:66,0
DA:69,0
DA:73,0
DA:77,0
DA:78,0
DA:82,0
DA:83,0
DA:84,0
DA:89,0
DA:90,0
DA:91,0
DA:94,0
DA:95,0
DA:96,0
DA:98,0
DA:103,0
DA:111,0
DA:131,0
DA:144,0
LF:53
LH:0
BRDA:10,0,0,0
BRDA:11,1,0,0
BRDA:12,2,0,0
BRDA:14,3,0,0
BRDA:15,4,0,0
BRDA:16,5,0,0
BRDA:28,6,0,0
BRDA:28,6,1,0
BRDA:28,7,0,0
BRDA:28,7,1,0
BRDA:36,8,0,0
BRDA:36,8,1,0
BRDA:41,9,0,0
BRDA:41,9,1,0
BRDA:45,10,0,0
BRDA:45,10,1,0
BRDA:48,11,0,0
BRDA:48,11,1,0
BRDA:53,12,0,0
BRDA:53,12,1,0
BRDA:57,13,0,0
BRDA:57,13,1,0
BRDA:59,14,0,0
BRDA:59,14,1,0
BRDA:61,15,0,0
BRDA:61,15,1,0
BRDA:63,16,0,0
BRDA:63,16,1,0
BRDA:65,17,0,0
BRDA:65,17,1,0
BRDA:83,18,0,0
BRDA:83,18,1,0
BRDA:83,19,0,0
BRDA:83,19,1,0
BRDA:94,20,0,0
BRDA:94,20,1,0
BRDA:94,21,0,0
BRDA:94,21,1,0
BRDA:95,22,0,0
BRDA:95,22,1,0
BRDA:95,23,0,0
BRDA:95,23,1,0
BRDA:96,24,0,0
BRDA:96,24,1,0
BRDA:96,24,2,0
BRDA:99,25,0,0
BRDA:99,25,1,0
BRDA:99,26,0,0
BRDA:99,26,1,0
BRDA:102,27,0,0
BRDA:102,27,1,0
BRDA:108,28,0,0
BRDA:108,28,1,0
BRDA:118,29,0,0
BRDA:118,29,1,0
BRDA:120,30,0,0
BRDA:120,30,1,0
BRDA:121,31,0,0
BRDA:121,31,1,0
BRDA:124,32,0,0
BRDA:124,32,1,0
BRF:61
BRH:0
end_of_record
TN:
SF:src\app\components\PythonEditor.jsx
FN:4,PythonEditor
FNF:1
FNH:0
FNDA:0,PythonEditor
DA:5,0
DA:26,0
LF:2
LH:0
BRDA:4,0,0,0
BRDA:7,1,0,0
BRDA:7,1,1,0
BRDA:10,2,0,0
BRDA:10,2,1,0
BRF:5
BRH:0
end_of_record
TN:
SF:src\app\components\QuizTask.jsx
FN:5,getQuizOptionText
FN:6,(anonymous_1)
FN:16,stableHash
FN:24,readDraggedTileId
FN:28,writeDraggedTileId
FN:34,setLiftedDragImage
FN:60,(anonymous_6)
FN:63,removeTileFromState
FN:65,(anonymous_8)
FN:70,QuestionPanel
FN:82,QuizTask
FN:101,MultipleChoiceQuiz
FN:108,(anonymous_12)
FN:124,(anonymous_13)
FN:150,getMultipleChoiceSuggestion
FN:152,(anonymous_15)
FN:156,checkPassedFromTask
FN:162,MatchQuiz
FN:168,(anonymous_18)
FN:168,(anonymous_19)
FN:170,(anonymous_20)
FN:178,publishState
FN:179,(anonymous_22)
FN:181,(anonymous_23)
FN:188,handleDragStart
FN:191,(anonymous_25)
FN:195,handleDragEnd
FN:200,handleSlotDragOver
FN:207,handleSlotDrop
FN:219,handlePoolDragOver
FN:225,handlePoolDrop
FN:241,(anonymous_31)
FN:243,(anonymous_32)
FN:262,(anonymous_33)
FN:263,(anonymous_34)
FN:264,(anonymous_35)
FN:266,(anonymous_36)
FN:281,(anonymous_37)
FN:281,(anonymous_38)
FN:290,(anonymous_39)
FN:313,FillBlankQuiz
FN:321,(anonymous_41)
FN:321,(anonymous_42)
FN:323,(anonymous_43)
FN:328,(anonymous_44)
FN:331,(anonymous_45)
FN:342,publishState
FN:343,(anonymous_47)
FN:345,(anonymous_48)
FN:352,handleDragStart
FN:355,(anonymous_50)
FN:359,handleDragEnd
FN:364,handleBlankDragOver
FN:371,handleBlankDrop
FN:383,handlePoolDragOver
FN:389,handlePoolDrop
FN:399,handleTypeChange
FN:404,handleTypeSubmit
FN:405,(anonymous_58)
FN:407,(anonymous_59)
FN:421,(anonymous_60)
FN:434,(anonymous_61)
FN:443,(anonymous_62)
FN:459,(anonymous_63)
FN:460,(anonymous_64)
FN:461,(anonymous_65)
FN:463,(anonymous_66)
FN:478,(anonymous_67)
FN:478,(anonymous_68)
FN:484,(anonymous_69)
FN:505,(anonymous_70)
FN:521,ShortAnswerQuiz
FN:524,(anonymous_72)
FN:528,handleSubmit
FN:542,(anonymous_74)
FNF:75
FNH:0
FNDA:0,getQuizOptionText
FNDA:0,(anonymous_1)
FNDA:0,stableHash
FNDA:0,readDraggedTileId
FNDA:0,writeDraggedTileId
FNDA:0,setLiftedDragImage
FNDA:0,(anonymous_6)
FNDA:0,removeTileFromState
FNDA:0,(anonymous_8)
FNDA:0,QuestionPanel
FNDA:0,QuizTask
FNDA:0,MultipleChoiceQuiz
FNDA:0,(anonymous_12)
FNDA:0,(anonymous_13)
FNDA:0,getMultipleChoiceSuggestion
FNDA:0,(anonymous_15)
FNDA:0,checkPassedFromTask
FNDA:0,MatchQuiz
FNDA:0,(anonymous_18)
FNDA:0,(anonymous_19)
FNDA:0,(anonymous_20)
FNDA:0,publishState
FNDA:0,(anonymous_22)
FNDA:0,(anonymous_23)
FNDA:0,handleDragStart
FNDA:0,(anonymous_25)
FNDA:0,handleDragEnd
FNDA:0,handleSlotDragOver
FNDA:0,handleSlotDrop
FNDA:0,handlePoolDragOver
FNDA:0,handlePoolDrop
FNDA:0,(anonymous_31)
FNDA:0,(anonymous_32)
FNDA:0,(anonymous_33)
FNDA:0,(anonymous_34)
FNDA:0,(anonymous_35)
FNDA:0,(anonymous_36)
FNDA:0,(anonymous_37)
FNDA:0,(anonymous_38)
FNDA:0,(anonymous_39)
FNDA:0,FillBlankQuiz
FNDA:0,(anonymous_41)
FNDA:0,(anonymous_42)
FNDA:0,(anonymous_43)
FNDA:0,(anonymous_44)
FNDA:0,(anonymous_45)
FNDA:0,publishState
FNDA:0,(anonymous_47)
FNDA:0,(anonymous_48)
FNDA:0,handleDragStart
FNDA:0,(anonymous_50)
FNDA:0,handleDragEnd
FNDA:0,handleBlankDragOver
FNDA:0,handleBlankDrop
FNDA:0,handlePoolDragOver
FNDA:0,handlePoolDrop
FNDA:0,handleTypeChange
FNDA:0,handleTypeSubmit
FNDA:0,(anonymous_58)
FNDA:0,(anonymous_59)
FNDA:0,(anonymous_60)
FNDA:0,(anonymous_61)
FNDA:0,(anonymous_62)
FNDA:0,(anonymous_63)
FNDA:0,(anonymous_64)
FNDA:0,(anonymous_65)
FNDA:0,(anonymous_66)
FNDA:0,(anonymous_67)
FNDA:0,(anonymous_68)
FNDA:0,(anonymous_69)
FNDA:0,(anonymous_70)
FNDA:0,ShortAnswerQuiz
FNDA:0,(anonymous_72)
FNDA:0,handleSubmit
FNDA:0,(anonymous_74)
DA:6,0
DA:9,0
DA:17,0
DA:18,0
DA:19,0
DA:22,0
DA:25,0
DA:29,0
DA:30,0
DA:31,0
DA:35,0
DA:36,0
DA:37,0
DA:57,0
DA:58,0
DA:59,0
DA:60,0
DA:64,0
DA:65,0
DA:66,0
DA:67,0
DA:71,0
DA:72,0
DA:92,0
DA:93,0
DA:95,0
DA:96,0
DA:97,0
DA:98,0
DA:102,0
DA:104,0
DA:109,0
DA:110,0
DA:111,0
DA:124,0
DA:151,0
DA:152,0
DA:153,0
DA:157,0
DA:163,0
DA:164,0
DA:165,0
DA:168,0
DA:170,0
DA:171,0
DA:172,0
DA:175,0
DA:176,0
DA:179,0
DA:180,0
DA:181,0
DA:182,0
DA:184,0
DA:189,0
DA:190,0
DA:191,0
DA:192,0
DA:196,0
DA:197,0
DA:201,0
DA:202,0
DA:203,0
DA:204,0
DA:208,0
DA:209,0
DA:210,0
DA:211,0
DA:212,0
DA:213,0
DA:214,0
DA:215,0
DA:216,0
DA:220,0
DA:221,0
DA:222,0
DA:226,0
DA:227,0
DA:228,0
DA:229,0
DA:230,0
DA:231,0
DA:232,0
DA:235,0
DA:242,0
DA:243,0
DA:244,0
DA:245,0
DA:247,0
DA:262,0
DA:263,0
DA:264,0
DA:266,0
DA:281,0
DA:282,0
DA:290,0
DA:314,0
DA:315,0
DA:316,0
DA:317,0
DA:318,0
DA:321,0
DA:323,0
DA:324,0
DA:325,0
DA:328,0
DA:329,0
DA:330,0
DA:331,0
DA:332,0
DA:333,0
DA:335,0
DA:339,0
DA:340,0
DA:343,0
DA:344,0
DA:345,0
DA:346,0
DA:348,0
DA:353,0
DA:354,0
DA:355,0
DA:356,0
DA:360,0
DA:361,0
DA:365,0
DA:366,0
DA:367,0
DA:368,0
DA:372,0
DA:373,0
DA:374,0
DA:375,0
DA:376,0
DA:377,0
DA:378,0
DA:379,0
DA:380,0
DA:384,0
DA:385,0
DA:386,0
DA:390,0
DA:391,0
DA:392,0
DA:393,0
DA:394,0
DA:395,0
DA:396,0
DA:400,0
DA:401,0
DA:405,0
DA:406,0
DA:407,0
DA:408,0
DA:409,0
DA:410,0
DA:412,0
DA:415,0
DA:422,0
DA:423,0
DA:432,0
DA:433,0
DA:434,0
DA:435,0
DA:437,0
DA:438,0
DA:443,0
DA:450,0
DA:459,0
DA:460,0
DA:461,0
DA:463,0
DA:478,0
DA:479,0
DA:484,0
DA:505,0
DA:522,0
DA:524,0
DA:525,0
DA:529,0
DA:530,0
DA:531,0
DA:534,0
DA:542,0
DA:573,0
DA:654,0
LF:185
LH:0
BRDA:6,0,0,0
BRDA:6,0,1,0
BRDA:25,1,0,0
BRDA:25,1,1,0
BRDA:66,2,0,0
BRDA:66,2,1,0
BRDA:71,3,0,0
BRDA:71,3,1,0
BRDA:86,4,0,0
BRDA:87,5,0,0
BRDA:88,6,0,0
BRDA:89,7,0,0
BRDA:90,8,0,0
BRDA:92,9,0,0
BRDA:92,9,1,0
BRDA:95,10,0,0
BRDA:95,10,1,0
BRDA:96,11,0,0
BRDA:96,11,1,0
BRDA:97,12,0,0
BRDA:97,12,1,0
BRDA:102,13,0,0
BRDA:102,13,1,0
BRDA:106,14,0,0
BRDA:106,14,1,0
BRDA:107,15,0,0
BRDA:107,15,1,0
BRDA:119,16,0,0
BRDA:119,16,1,0
BRDA:121,17,0,0
BRDA:121,17,1,0
BRDA:122,18,0,0
BRDA:122,18,1,0
BRDA:127,19,0,0
BRDA:127,19,1,0
BRDA:131,20,0,0
BRDA:131,20,1,0
BRDA:139,21,0,0
BRDA:139,21,1,0
BRDA:139,21,2,0
BRDA:151,22,0,0
BRDA:151,22,1,0
BRDA:153,23,0,0
BRDA:153,23,1,0
BRDA:153,23,2,0
BRDA:153,23,3,0
BRDA:153,23,4,0
BRDA:157,24,0,0
BRDA:157,24,1,0
BRDA:163,25,0,0
BRDA:163,25,1,0
BRDA:171,26,0,0
BRDA:171,26,1,0
BRDA:171,27,0,0
BRDA:171,27,1,0
BRDA:171,27,2,0
BRDA:176,28,0,0
BRDA:176,28,1,0
BRDA:176,28,2,0
BRDA:180,29,0,0
BRDA:180,29,1,0
BRDA:189,30,0,0
BRDA:189,30,1,0
BRDA:191,31,0,0
BRDA:191,31,1,0
BRDA:201,32,0,0
BRDA:201,32,1,0
BRDA:209,33,0,0
BRDA:209,33,1,0
BRDA:211,34,0,0
BRDA:211,34,1,0
BRDA:220,35,0,0
BRDA:220,35,1,0
BRDA:227,36,0,0
BRDA:227,36,1,0
BRDA:229,37,0,0
BRDA:229,37,1,0
BRDA:237,38,0,0
BRDA:237,38,1,0
BRDA:243,39,0,0
BRDA:243,39,1,0
BRDA:245,40,0,0
BRDA:245,40,1,0
BRDA:258,41,0,0
BRDA:258,41,1,0
BRDA:259,42,0,0
BRDA:259,42,1,0
BRDA:259,43,0,0
BRDA:259,43,1,0
BRDA:259,43,2,0
BRDA:260,44,0,0
BRDA:260,44,1,0
BRDA:260,45,0,0
BRDA:260,45,1,0
BRDA:265,46,0,0
BRDA:265,46,1,0
BRDA:266,47,0,0
BRDA:266,47,1,0
BRDA:269,48,0,0
BRDA:269,48,1,0
BRDA:271,49,0,0
BRDA:271,49,1,0
BRDA:271,50,0,0
BRDA:271,50,1,0
BRDA:287,51,0,0
BRDA:287,51,1,0
BRDA:297,52,0,0
BRDA:297,52,1,0
BRDA:297,52,2,0
BRDA:304,53,0,0
BRDA:304,53,1,0
BRDA:304,53,2,0
BRDA:305,54,0,0
BRDA:305,54,1,0
BRDA:305,54,2,0
BRDA:314,55,0,0
BRDA:314,55,1,0
BRDA:315,56,0,0
BRDA:315,56,1,0
BRDA:316,57,0,0
BRDA:316,57,1,0
BRDA:324,58,0,0
BRDA:324,58,1,0
BRDA:324,59,0,0
BRDA:324,59,1,0
BRDA:324,59,2,0
BRDA:332,60,0,0
BRDA:332,60,1,0
BRDA:333,61,0,0
BRDA:333,61,1,0
BRDA:333,62,0,0
BRDA:333,62,1,0
BRDA:340,63,0,0
BRDA:340,63,1,0
BRDA:340,63,2,0
BRDA:344,64,0,0
BRDA:344,64,1,0
BRDA:353,65,0,0
BRDA:353,65,1,0
BRDA:355,66,0,0
BRDA:355,66,1,0
BRDA:365,67,0,0
BRDA:365,67,1,0
BRDA:365,68,0,0
BRDA:365,68,1,0
BRDA:373,69,0,0
BRDA:373,69,1,0
BRDA:373,70,0,0
BRDA:373,70,1,0
BRDA:375,71,0,0
BRDA:375,71,1,0
BRDA:384,72,0,0
BRDA:384,72,1,0
BRDA:384,73,0,0
BRDA:384,73,1,0
BRDA:391,74,0,0
BRDA:391,74,1,0
BRDA:391,75,0,0
BRDA:391,75,1,0
BRDA:393,76,0,0
BRDA:393,76,1,0
BRDA:405,77,0,0
BRDA:405,77,1,0
BRDA:406,78,0,0
BRDA:406,78,1,0
BRDA:408,79,0,0
BRDA:408,79,1,0
BRDA:409,80,0,0
BRDA:409,80,1,0
BRDA:417,81,0,0
BRDA:417,81,1,0
BRDA:422,82,0,0
BRDA:422,82,1,0
BRDA:435,83,0,0
BRDA:435,83,1,0
BRDA:435,83,2,0
BRDA:437,84,0,0
BRDA:437,84,1,0
BRDA:442,85,0,0
BRDA:442,85,1,0
BRDA:455,86,0,0
BRDA:455,86,1,0
BRDA:456,87,0,0
BRDA:456,87,1,0
BRDA:456,88,0,0
BRDA:456,88,1,0
BRDA:456,88,2,0
BRDA:457,89,0,0
BRDA:457,89,1,0
BRDA:457,90,0,0
BRDA:457,90,1,0
BRDA:462,91,0,0
BRDA:462,91,1,0
BRDA:463,92,0,0
BRDA:463,92,1,0
BRDA:466,93,0,0
BRDA:466,93,1,0
BRDA:468,94,0,0
BRDA:468,94,1,0
BRDA:468,95,0,0
BRDA:468,95,1,0
BRDA:474,96,0,0
BRDA:474,96,1,0
BRDA:482,97,0,0
BRDA:482,97,1,0
BRDA:488,98,0,0
BRDA:488,98,1,0
BRDA:493,99,0,0
BRDA:493,99,1,0
BRDA:493,99,2,0
BRDA:500,100,0,0
BRDA:500,100,1,0
BRDA:500,100,2,0
BRDA:500,100,3,0
BRDA:505,101,0,0
BRDA:505,101,1,0
BRDA:512,102,0,0
BRDA:512,102,1,0
BRDA:512,102,2,0
BRDA:513,103,0,0
BRDA:513,103,1,0
BRDA:513,103,2,0
BRDA:522,104,0,0
BRDA:522,104,1,0
BRDA:525,105,0,0
BRDA:525,105,1,0
BRDA:530,106,0,0
BRDA:530,106,1,0
BRDA:536,107,0,0
BRDA:536,107,1,0
BRDA:544,108,0,0
BRDA:544,108,1,0
BRDA:544,108,2,0
BRDA:547,109,0,0
BRDA:547,109,1,0
BRDA:547,109,2,0
BRDA:557,110,0,0
BRDA:557,110,1,0
BRDA:559,111,0,0
BRDA:559,111,1,0
BRDA:559,112,0,0
BRDA:559,112,1,0
BRDA:564,113,0,0
BRDA:564,113,1,0
BRDA:564,113,2,0
BRDA:565,114,0,0
BRDA:565,114,1,0
BRDA:565,114,2,0
BRF:248
BRH:0
end_of_record
TN:
SF:src\app\components\ScratchWorkspace.jsx
FN:29,(anonymous_0)
FN:30,(anonymous_1)
FN:36,normaliseInitialStates
FN:42,defaultSpriteState
FN:46,initSpriteStates
FN:54,drawSpriteShape
FN:117,drawBubble
FN:154,drawSpriteImage
FN:169,spriteRadius
FN:171,hitTest
FN:178,evalSingleCheck
FN:182,(anonymous_11)
FN:182,(anonymous_12)
FN:188,(anonymous_13)
FN:193,normalizeScratchChecks
FN:195,(anonymous_15)
FN:202,ScratchWorkspace
FN:248,(anonymous_17)
FN:254,(anonymous_18)
FN:271,(anonymous_19)
FN:278,(anonymous_20)
FN:298,(anonymous_21)
FN:313,(anonymous_22)
FN:316,(anonymous_23)
FN:324,(anonymous_24)
FN:326,(anonymous_25)
FN:333,(anonymous_26)
FN:342,(anonymous_27)
FN:344,(anonymous_28)
FN:352,(anonymous_29)
FN:365,(anonymous_30)
FN:378,(anonymous_31)
FN:379,(anonymous_32)
FN:385,(anonymous_33)
FN:387,(anonymous_34)
FN:389,(anonymous_35)
FN:392,buildToolboxForSprite
FN:400,refreshSpriteToolbox
FN:405,(anonymous_38)
FN:415,(anonymous_39)
FN:418,init
FN:424,(anonymous_41)
FN:448,(anonymous_42)
FN:453,(anonymous_43)
FN:470,(anonymous_44)
FN:473,(anonymous_45)
FN:496,(anonymous_46)
FN:507,(anonymous_47)
FN:513,(anonymous_48)
FN:519,(anonymous_49)
FN:524,(anonymous_50)
FN:532,(anonymous_51)
FN:541,(anonymous_52)
FN:545,(anonymous_53)
FN:552,(anonymous_54)
FN:556,(anonymous_55)
FN:569,(anonymous_56)
FN:576,(anonymous_57)
FN:584,(anonymous_58)
FN:588,(anonymous_59)
FN:588,(anonymous_60)
FN:599,(anonymous_61)
FN:601,(anonymous_62)
FN:621,finishRun
FN:627,(anonymous_64)
FN:633,handleRun
FN:646,runClickedBlock
FN:660,runHatForAll
FN:673,handleStop
FN:682,handleResetStage
FN:695,handleCheck
FN:697,(anonymous_71)
FN:701,handleCanvasPointerDown
FN:725,handleCanvasPointerMove
FN:740,(anonymous_74)
FN:759,handleCanvasPointerUp
FN:782,(anonymous_76)
FN:784,(anonymous_77)
FN:785,(anonymous_78)
FN:792,handleCanvasPointerLeave
FN:796,handleAskSubmit
FN:805,(anonymous_81)
FN:807,onKeyDown
FN:817,onKeyUp
FN:824,(anonymous_84)
FN:828,(anonymous_85)
FN:833,(anonymous_86)
FN:838,(anonymous_87)
FN:870,(anonymous_88)
FN:870,(anonymous_89)
FN:878,(anonymous_90)
FN:881,(anonymous_91)
FN:937,(anonymous_92)
FNF:93
FNH:0
FNDA:0,(anonymous_0)
FNDA:0,(anonymous_1)
FNDA:0,normaliseInitialStates
FNDA:0,defaultSpriteState
FNDA:0,initSpriteStates
FNDA:0,drawSpriteShape
FNDA:0,drawBubble
FNDA:0,drawSpriteImage
FNDA:0,spriteRadius
FNDA:0,hitTest
FNDA:0,evalSingleCheck
FNDA:0,(anonymous_11)
FNDA:0,(anonymous_12)
FNDA:0,(anonymous_13)
FNDA:0,normalizeScratchChecks
FNDA:0,(anonymous_15)
FNDA:0,ScratchWorkspace
FNDA:0,(anonymous_17)
FNDA:0,(anonymous_18)
FNDA:0,(anonymous_19)
FNDA:0,(anonymous_20)
FNDA:0,(anonymous_21)
FNDA:0,(anonymous_22)
FNDA:0,(anonymous_23)
FNDA:0,(anonymous_24)
FNDA:0,(anonymous_25)
FNDA:0,(anonymous_26)
FNDA:0,(anonymous_27)
FNDA:0,(anonymous_28)
FNDA:0,(anonymous_29)
FNDA:0,(anonymous_30)
FNDA:0,(anonymous_31)
FNDA:0,(anonymous_32)
FNDA:0,(anonymous_33)
FNDA:0,(anonymous_34)
FNDA:0,(anonymous_35)
FNDA:0,buildToolboxForSprite
FNDA:0,refreshSpriteToolbox
FNDA:0,(anonymous_38)
FNDA:0,(anonymous_39)
FNDA:0,init
FNDA:0,(anonymous_41)
FNDA:0,(anonymous_42)
FNDA:0,(anonymous_43)
FNDA:0,(anonymous_44)
FNDA:0,(anonymous_45)
FNDA:0,(anonymous_46)
FNDA:0,(anonymous_47)
FNDA:0,(anonymous_48)
FNDA:0,(anonymous_49)
FNDA:0,(anonymous_50)
FNDA:0,(anonymous_51)
FNDA:0,(anonymous_52)
FNDA:0,(anonymous_53)
FNDA:0,(anonymous_54)
FNDA:0,(anonymous_55)
FNDA:0,(anonymous_56)
FNDA:0,(anonymous_57)
FNDA:0,(anonymous_58)
FNDA:0,(anonymous_59)
FNDA:0,(anonymous_60)
FNDA:0,(anonymous_61)
FNDA:0,(anonymous_62)
FNDA:0,finishRun
FNDA:0,(anonymous_64)
FNDA:0,handleRun
FNDA:0,runClickedBlock
FNDA:0,runHatForAll
FNDA:0,handleStop
FNDA:0,handleResetStage
FNDA:0,handleCheck
FNDA:0,(anonymous_71)
FNDA:0,handleCanvasPointerDown
FNDA:0,handleCanvasPointerMove
FNDA:0,(anonymous_74)
FNDA:0,handleCanvasPointerUp
FNDA:0,(anonymous_76)
FNDA:0,(anonymous_77)
FNDA:0,(anonymous_78)
FNDA:0,handleCanvasPointerLeave
FNDA:0,handleAskSubmit
FNDA:0,(anonymous_81)
FNDA:0,onKeyDown
FNDA:0,onKeyUp
FNDA:0,(anonymous_84)
FNDA:0,(anonymous_85)
FNDA:0,(anonymous_86)
FNDA:0,(anonymous_87)
FNDA:0,(anonymous_88)
FNDA:0,(anonymous_89)
FNDA:0,(anonymous_90)
FNDA:0,(anonymous_91)
FNDA:0,(anonymous_92)
DA:20,0
DA:21,0
DA:22,0
DA:23,0
DA:24,0
DA:25,0
DA:26,0
DA:27,0
DA:29,0
DA:30,0
DA:32,0
DA:34,0
DA:37,0
DA:38,0
DA:39,0
DA:43,0
DA:47,0
DA:48,0
DA:49,0
DA:55,0
DA:56,0
DA:57,0
DA:58,0
DA:59,0
DA:60,0
DA:62,0
DA:63,0
DA:64,0
DA:65,0
DA:67,0
DA:68,0
DA:69,0
DA:70,0
DA:72,0
DA:73,0
DA:74,0
DA:75,0
DA:76,0
DA:78,0
DA:79,0
DA:80,0
DA:83,0
DA:84,0
DA:85,0
DA:86,0
DA:87,0
DA:89,0
DA:90,0
DA:91,0
DA:92,0
DA:93,0
DA:94,0
DA:95,0
DA:97,0
DA:98,0
DA:99,0
DA:100,0
DA:101,0
DA:102,0
DA:104,0
DA:105,0
DA:106,0
DA:107,0
DA:108,0
DA:109,0
DA:110,0
DA:111,0
DA:114,0
DA:118,0
DA:119,0
DA:120,0
DA:121,0
DA:122,0
DA:123,0
DA:124,0
DA:125,0
DA:126,0
DA:127,0
DA:128,0
DA:129,0
DA:130,0
DA:131,0
DA:132,0
DA:133,0
DA:134,0
DA:135,0
DA:136,0
DA:137,0
DA:138,0
DA:141,0
DA:142,0
DA:143,0
DA:144,0
DA:145,0
DA:146,0
DA:147,0
DA:148,0
DA:150,0
DA:151,0
DA:155,0
DA:156,0
DA:157,0
DA:158,0
DA:159,0
DA:160,0
DA:161,0
DA:162,0
DA:163,0
DA:164,0
DA:165,0
DA:166,0
DA:169,0
DA:172,0
DA:173,0
DA:179,0
DA:180,0
DA:181,0
DA:182,0
DA:184,0
DA:185,0
DA:188,0
DA:189,0
DA:190,0
DA:194,0
DA:195,0
DA:196,0
DA:197,0
DA:217,0
DA:218,0
DA:219,0
DA:220,0
DA:222,0
DA:223,0
DA:225,0
DA:226,0
DA:227,0
DA:228,0
DA:229,0
DA:230,0
DA:231,0
DA:232,0
DA:233,0
DA:234,0
DA:235,0
DA:236,0
DA:237,0
DA:238,0
DA:239,0
DA:240,0
DA:241,0
DA:242,0
DA:243,0
DA:244,0
DA:245,0
DA:247,0
DA:248,0
DA:250,0
DA:251,0
DA:252,0
DA:253,0
DA:254,0
DA:255,0
DA:256,0
DA:257,0
DA:258,0
DA:259,0
DA:260,0
DA:261,0
DA:262,0
DA:263,0
DA:265,0
DA:266,0
DA:267,0
DA:268,0
DA:271,0
DA:272,0
DA:273,0
DA:274,0
DA:275,0
DA:277,0
DA:278,0
DA:280,0
DA:281,0
DA:282,0
DA:283,0
DA:284,0
DA:286,0
DA:287,0
DA:290,0
DA:291,0
DA:294,0
DA:295,0
DA:296,0
DA:297,0
DA:298,0
DA:300,0
DA:301,0
DA:302,0
DA:303,0
DA:305,0
DA:307,0
DA:308,0
DA:309,0
DA:313,0
DA:316,0
DA:317,0
DA:318,0
DA:319,0
DA:320,0
DA:321,0
DA:322,0
DA:323,0
DA:324,0
DA:325,0
DA:326,0
DA:328,0
DA:333,0
DA:334,0
DA:335,0
DA:336,0
DA:337,0
DA:338,0
DA:339,0
DA:340,0
DA:341,0
DA:342,0
DA:343,0
DA:344,0
DA:346,0
DA:352,0
DA:353,0
DA:354,0
DA:355,0
DA:356,0
DA:357,0
DA:359,0
DA:360,0
DA:365,0
DA:366,0
DA:367,0
DA:368,0
DA:369,0
DA:370,0
DA:371,0
DA:373,0
DA:374,0
DA:378,0
DA:379,0
DA:386,0
DA:387,0
DA:389,0
DA:393,0
DA:394,0
DA:401,0
DA:402,0
DA:403,0
DA:404,0
DA:405,0
DA:406,0
DA:407,0
DA:408,0
DA:415,0
DA:416,0
DA:419,0
DA:420,0
DA:421,0
DA:422,0
DA:424,0
DA:425,0
DA:427,0
DA:428,0
DA:429,0
DA:431,0
DA:439,0
DA:440,0
DA:443,0
DA:444,0
DA:445,0
DA:446,0
DA:447,0
DA:448,0
DA:449,0
DA:452,0
DA:453,0
DA:454,0
DA:460,0
DA:462,0
DA:463,0
DA:465,0
DA:466,0
DA:467,0
DA:470,0
DA:471,0
DA:472,0
DA:473,0
DA:474,0
DA:475,0
DA:476,0
DA:480,0
DA:487,0
DA:489,0
DA:490,0
DA:494,0
DA:496,0
DA:497,0
DA:498,0
DA:499,0
DA:500,0
DA:501,0
DA:507,0
DA:508,0
DA:509,0
DA:513,0
DA:514,0
DA:515,0
DA:516,0
DA:517,0
DA:518,0
DA:519,0
DA:524,0
DA:525,0
DA:526,0
DA:527,0
DA:532,0
DA:533,0
DA:534,0
DA:535,0
DA:536,0
DA:537,0
DA:538,0
DA:539,0
DA:541,0
DA:542,0
DA:545,0
DA:546,0
DA:547,0
DA:548,0
DA:552,0
DA:553,0
DA:554,0
DA:555,0
DA:556,0
DA:557,0
DA:558,0
DA:559,0
DA:560,0
DA:561,0
DA:562,0
DA:563,0
DA:564,0
DA:565,0
DA:566,0
DA:568,0
DA:569,0
DA:570,0
DA:571,0
DA:576,0
DA:577,0
DA:578,0
DA:579,0
DA:580,0
DA:581,0
DA:582,0
DA:583,0
DA:584,0
DA:585,0
DA:586,0
DA:588,0
DA:589,0
DA:590,0
DA:591,0
DA:593,0
DA:597,0
DA:598,0
DA:599,0
DA:601,0
DA:602,0
DA:603,0
DA:604,0
DA:605,0
DA:606,0
DA:607,0
DA:608,0
DA:609,0
DA:610,0
DA:611,0
DA:615,0
DA:622,0
DA:623,0
DA:624,0
DA:625,0
DA:626,0
DA:627,0
DA:634,0
DA:635,0
DA:636,0
DA:637,0
DA:638,0
DA:639,0
DA:640,0
DA:641,0
DA:642,0
DA:643,0
DA:647,0
DA:648,0
DA:649,0
DA:650,0
DA:651,0
DA:652,0
DA:653,0
DA:654,0
DA:655,0
DA:656,0
DA:657,0
DA:661,0
DA:662,0
DA:663,0
DA:664,0
DA:665,0
DA:666,0
DA:667,0
DA:668,0
DA:669,0
DA:670,0
DA:674,0
DA:675,0
DA:676,0
DA:677,0
DA:678,0
DA:679,0
DA:683,0
DA:684,0
DA:685,0
DA:686,0
DA:687,0
DA:688,0
DA:689,0
DA:690,0
DA:691,0
DA:692,0
DA:696,0
DA:697,0
DA:702,0
DA:703,0
DA:705,0
DA:706,0
DA:707,0
DA:710,0
DA:711,0
DA:712,0
DA:713,0
DA:714,0
DA:715,0
DA:716,0
DA:717,0
DA:718,0
DA:719,0
DA:720,0
DA:726,0
DA:727,0
DA:728,0
DA:730,0
DA:731,0
DA:732,0
DA:733,0
DA:734,0
DA:735,0
DA:736,0
DA:737,0
DA:738,0
DA:739,0
DA:740,0
DA:742,0
DA:745,0
DA:746,0
DA:747,0
DA:748,0
DA:749,0
DA:751,0
DA:752,0
DA:753,0
DA:754,0
DA:756,0
DA:760,0
DA:761,0
DA:763,0
DA:764,0
DA:765,0
DA:766,0
DA:767,0
DA:768,0
DA:769,0
DA:770,0
DA:772,0
DA:774,0
DA:775,0
DA:776,0
DA:777,0
DA:778,0
DA:779,0
DA:780,0
DA:781,0
DA:782,0
DA:783,0
DA:784,0
DA:785,0
DA:787,0
DA:788,0
DA:793,0
DA:797,0
DA:798,0
DA:799,0
DA:800,0
DA:801,0
DA:805,0
DA:806,0
DA:808,0
DA:809,0
DA:810,0
DA:811,0
DA:813,0
DA:814,0
DA:815,0
DA:818,0
DA:819,0
DA:820,0
DA:822,0
DA:823,0
DA:824,0
DA:828,0
DA:832,0
DA:834,0
DA:838,0
DA:849,0
DA:870,0
DA:879,0
DA:881,0
DA:937,0
DA:963,0
LF:539
LH:0
BRDA:37,0,0,0
BRDA:37,0,1,0
BRDA:38,1,0,0
BRDA:38,1,1,0
BRDA:38,2,0,0
BRDA:38,2,1,0
BRDA:39,3,0,0
BRDA:39,3,1,0
BRDA:43,4,0,0
BRDA:43,4,1,0
BRDA:43,5,0,0
BRDA:43,5,1,0
BRDA:43,6,0,0
BRDA:43,6,1,0
BRDA:43,7,0,0
BRDA:43,7,1,0
BRDA:43,8,0,0
BRDA:43,8,1,0
BRDA:58,9,0,0
BRDA:58,9,1,0
BRDA:59,10,0,0
BRDA:59,10,1,0
BRDA:60,11,0,0
BRDA:60,11,1,0
BRDA:60,12,0,0
BRDA:60,12,1,0
BRDA:60,13,0,0
BRDA:60,13,1,0
BRDA:60,14,0,0
BRDA:60,14,1,0
BRDA:65,15,0,0
BRDA:65,15,1,0
BRDA:65,15,2,0
BRDA:65,15,3,0
BRDA:65,15,4,0
BRDA:65,15,5,0
BRDA:75,16,0,0
BRDA:75,16,1,0
BRDA:76,17,0,0
BRDA:76,17,1,0
BRDA:118,18,0,0
BRDA:118,18,1,0
BRDA:131,19,0,0
BRDA:131,19,1,0
BRDA:158,20,0,0
BRDA:158,20,1,0
BRDA:159,21,0,0
BRDA:159,21,1,0
BRDA:160,22,0,0
BRDA:160,22,1,0
BRDA:160,23,0,0
BRDA:160,23,1,0
BRDA:160,24,0,0
BRDA:160,24,1,0
BRDA:160,25,0,0
BRDA:160,25,1,0
BRDA:179,26,0,0
BRDA:179,26,1,0
BRDA:181,27,0,0
BRDA:181,27,1,0
BRDA:184,28,0,0
BRDA:184,28,1,0
BRDA:188,29,0,0
BRDA:188,29,1,0
BRDA:189,30,0,0
BRDA:189,30,1,0
BRDA:194,31,0,0
BRDA:194,31,1,0
BRDA:195,32,0,0
BRDA:195,32,1,0
BRDA:196,33,0,0
BRDA:196,33,1,0
BRDA:204,34,0,0
BRDA:205,35,0,0
BRDA:206,36,0,0
BRDA:207,37,0,0
BRDA:208,38,0,0
BRDA:209,39,0,0
BRDA:212,40,0,0
BRDA:213,41,0,0
BRDA:214,42,0,0
BRDA:215,43,0,0
BRDA:217,44,0,0
BRDA:217,44,1,0
BRDA:218,45,0,0
BRDA:218,45,1,0
BRDA:222,46,0,0
BRDA:222,46,1,0
BRDA:223,47,0,0
BRDA:223,47,1,0
BRDA:223,48,0,0
BRDA:223,48,1,0
BRDA:244,49,0,0
BRDA:244,49,1,0
BRDA:247,50,0,0
BRDA:247,50,1,0
BRDA:248,51,0,0
BRDA:248,51,1,0
BRDA:248,52,0,0
BRDA:248,52,1,0
BRDA:260,53,0,0
BRDA:260,53,1,0
BRDA:273,54,0,0
BRDA:273,54,1,0
BRDA:278,55,0,0
BRDA:278,55,1,0
BRDA:278,56,0,0
BRDA:278,56,1,0
BRDA:280,57,0,0
BRDA:280,57,1,0
BRDA:280,58,0,0
BRDA:280,58,1,0
BRDA:283,59,0,0
BRDA:283,59,1,0
BRDA:290,60,0,0
BRDA:290,60,1,0
BRDA:296,61,0,0
BRDA:296,61,1,0
BRDA:297,62,0,0
BRDA:297,62,1,0
BRDA:298,63,0,0
BRDA:298,63,1,0
BRDA:300,64,0,0
BRDA:300,64,1,0
BRDA:300,65,0,0
BRDA:300,65,1,0
BRDA:303,66,0,0
BRDA:303,66,1,0
BRDA:305,67,0,0
BRDA:305,67,1,0
BRDA:309,68,0,0
BRDA:309,68,1,0
BRDA:317,69,0,0
BRDA:317,69,1,0
BRDA:319,70,0,0
BRDA:319,70,1,0
BRDA:321,71,0,0
BRDA:321,71,1,0
BRDA:334,72,0,0
BRDA:334,72,1,0
BRDA:336,73,0,0
BRDA:336,73,1,0
BRDA:337,74,0,0
BRDA:337,74,1,0
BRDA:339,75,0,0
BRDA:339,75,1,0
BRDA:353,76,0,0
BRDA:353,76,1,0
BRDA:353,77,0,0
BRDA:353,77,1,0
BRDA:367,78,0,0
BRDA:367,78,1,0
BRDA:370,79,0,0
BRDA:370,79,1,0
BRDA:384,80,0,0
BRDA:384,80,1,0
BRDA:393,81,0,0
BRDA:393,81,1,0
BRDA:395,82,0,0
BRDA:395,82,1,0
BRDA:395,83,0,0
BRDA:395,83,1,0
BRDA:402,84,0,0
BRDA:402,84,1,0
BRDA:402,85,0,0
BRDA:402,85,1,0
BRDA:421,86,0,0
BRDA:421,86,1,0
BRDA:425,87,0,0
BRDA:425,87,1,0
BRDA:429,88,0,0
BRDA:429,88,1,0
BRDA:444,89,0,0
BRDA:444,89,1,0
BRDA:452,90,0,0
BRDA:452,90,1,0
BRDA:454,91,0,0
BRDA:454,91,1,0
BRDA:454,92,0,0
BRDA:454,92,1,0
BRDA:454,92,2,0
BRDA:454,92,3,0
BRDA:460,93,0,0
BRDA:460,93,1,0
BRDA:462,94,0,0
BRDA:462,94,1,0
BRDA:465,95,0,0
BRDA:465,95,1,0
BRDA:471,96,0,0
BRDA:471,96,1,0
BRDA:472,97,0,0
BRDA:472,97,1,0
BRDA:476,98,0,0
BRDA:476,98,1,0
BRDA:477,99,0,0
BRDA:477,99,1,0
BRDA:477,99,2,0
BRDA:487,100,0,0
BRDA:487,100,1,0
BRDA:490,101,0,0
BRDA:490,101,1,0
BRDA:499,102,0,0
BRDA:499,102,1,0
BRDA:508,103,0,0
BRDA:508,103,1,0
BRDA:508,104,0,0
BRDA:508,104,1,0
BRDA:514,105,0,0
BRDA:514,105,1,0
BRDA:514,106,0,0
BRDA:514,106,1,0
BRDA:516,107,0,0
BRDA:516,107,1,0
BRDA:525,108,0,0
BRDA:525,108,1,0
BRDA:525,109,0,0
BRDA:525,109,1,0
BRDA:533,110,0,0
BRDA:533,110,1,0
BRDA:533,111,0,0
BRDA:533,111,1,0
BRDA:533,111,2,0
BRDA:534,112,0,0
BRDA:534,112,1,0
BRDA:539,113,0,0
BRDA:539,113,1,0
BRDA:539,114,0,0
BRDA:539,114,1,0
BRDA:546,115,0,0
BRDA:546,115,1,0
BRDA:546,116,0,0
BRDA:546,116,1,0
BRDA:546,116,2,0
BRDA:554,117,0,0
BRDA:554,117,1,0
BRDA:559,118,0,0
BRDA:559,118,1,0
BRDA:561,119,0,0
BRDA:561,119,1,0
BRDA:563,120,0,0
BRDA:563,120,1,0
BRDA:601,121,0,0
BRDA:604,122,0,0
BRDA:604,122,1,0
BRDA:604,123,0,0
BRDA:604,123,1,0
BRDA:608,124,0,0
BRDA:608,124,1,0
BRDA:622,125,0,0
BRDA:622,125,1,0
BRDA:625,126,0,0
BRDA:625,126,1,0
BRDA:625,127,0,0
BRDA:625,127,1,0
BRDA:634,128,0,0
BRDA:634,128,1,0
BRDA:635,129,0,0
BRDA:635,129,1,0
BRDA:647,130,0,0
BRDA:647,130,1,0
BRDA:647,131,0,0
BRDA:647,131,1,0
BRDA:648,132,0,0
BRDA:648,132,1,0
BRDA:655,133,0,0
BRDA:655,133,1,0
BRDA:660,134,0,0
BRDA:661,135,0,0
BRDA:661,135,1,0
BRDA:661,136,0,0
BRDA:661,136,1,0
BRDA:662,137,0,0
BRDA:662,137,1,0
BRDA:674,138,0,0
BRDA:674,138,1,0
BRDA:687,139,0,0
BRDA:687,139,1,0
BRDA:703,140,0,0
BRDA:703,140,1,0
BRDA:713,141,0,0
BRDA:713,141,1,0
BRDA:713,142,0,0
BRDA:713,142,1,0
BRDA:730,143,0,0
BRDA:730,143,1,0
BRDA:730,144,0,0
BRDA:730,144,1,0
BRDA:730,144,2,0
BRDA:733,145,0,0
BRDA:733,145,1,0
BRDA:733,146,0,0
BRDA:733,146,1,0
BRDA:734,147,0,0
BRDA:734,147,1,0
BRDA:749,148,0,0
BRDA:749,148,1,0
BRDA:754,149,0,0
BRDA:754,149,1,0
BRDA:754,150,0,0
BRDA:754,150,1,0
BRDA:756,151,0,0
BRDA:756,151,1,0
BRDA:761,152,0,0
BRDA:761,152,1,0
BRDA:772,153,0,0
BRDA:772,153,1,0
BRDA:772,154,0,0
BRDA:772,154,1,0
BRDA:772,154,2,0
BRDA:774,155,0,0
BRDA:774,155,1,0
BRDA:774,156,0,0
BRDA:774,156,1,0
BRDA:775,157,0,0
BRDA:775,157,1,0
BRDA:787,158,0,0
BRDA:787,158,1,0
BRDA:787,159,0,0
BRDA:787,159,1,0
BRDA:787,159,2,0
BRDA:793,160,0,0
BRDA:793,160,1,0
BRDA:806,161,0,0
BRDA:806,161,1,0
BRDA:809,162,0,0
BRDA:809,162,1,0
BRDA:810,163,0,0
BRDA:810,163,1,0
BRDA:810,164,0,0
BRDA:810,164,1,0
BRDA:814,165,0,0
BRDA:814,165,1,0
BRDA:819,166,0,0
BRDA:819,166,1,0
BRDA:820,167,0,0
BRDA:820,167,1,0
BRDA:820,168,0,0
BRDA:820,168,1,0
BRDA:832,169,0,0
BRDA:832,169,1,0
BRDA:837,170,0,0
BRDA:837,170,1,0
BRDA:841,171,0,0
BRDA:841,171,1,0
BRDA:841,172,0,0
BRDA:841,172,1,0
BRDA:850,173,0,0
BRDA:850,173,1,0
BRDA:851,174,0,0
BRDA:851,174,1,0
BRDA:854,175,0,0
BRDA:854,175,1,0
BRDA:863,176,0,0
BRDA:863,176,1,0
BRDA:863,176,2,0
BRDA:872,177,0,0
BRDA:872,177,1,0
BRDA:874,178,0,0
BRDA:874,178,1,0
BRDA:881,179,0,0
BRDA:881,179,1,0
BRDA:884,180,0,0
BRDA:884,180,1,0
BRDA:885,181,0,0
BRDA:885,181,1,0
BRDA:893,182,0,0
BRDA:893,182,1,0
BRDA:926,183,0,0
BRDA:926,183,1,0
BRDA:927,184,0,0
BRDA:927,184,1,0
BRDA:928,185,0,0
BRDA:928,185,1,0
BRDA:929,186,0,0
BRDA:929,186,1,0
BRDA:930,187,0,0
BRDA:930,187,1,0
BRDA:931,188,0,0
BRDA:931,188,1,0
BRDA:933,189,0,0
BRDA:933,189,1,0
BRDA:947,190,0,0
BRDA:947,190,1,0
BRDA:947,190,2,0
BRDA:950,191,0,0
BRDA:950,191,1,0
BRDA:950,191,2,0
BRDA:950,191,3,0
BRDA:950,191,4,0
BRDA:953,192,0,0
BRDA:953,192,1,0
BRDA:953,192,2,0
BRDA:953,192,3,0
BRDA:953,192,4,0
BRDA:953,192,5,0
BRF:395
BRH:0
end_of_record
TN:
SF:src\app\components\StudentCard.jsx
FN:5,StudentCard
FN:9,handleRename
FN:15,(anonymous_2)
FN:53,(anonymous_3)
FN:62,(anonymous_4)
FN:62,(anonymous_5)
FN:69,(anonymous_6)
FN:140,(anonymous_7)
FNF:8
FNH:0
FNDA:0,StudentCard
FNDA:0,handleRename
FNDA:0,(anonymous_2)
FNDA:0,(anonymous_3)
FNDA:0,(anonymous_4)
FNDA:0,(anonymous_5)
FNDA:0,(anonymous_6)
FNDA:0,(anonymous_7)
DA:6,0
DA:7,0
DA:10,0
DA:11,0
DA:12,0
DA:15,0
DA:16,0
DA:17,0
DA:18,0
DA:19,0
DA:22,0
DA:26,0
DA:27,0
DA:28,0
DA:29,0
DA:30,0
DA:35,0
DA:36,0
DA:39,0
DA:41,0
DA:53,0
DA:62,0
DA:70,0
DA:71,0
DA:140,0
DA:149,0
LF:26
LH:0
BRDA:11,0,0,0
BRDA:11,0,1,0
BRDA:19,1,0,0
BRDA:19,1,1,0
BRDA:22,2,0,0
BRDA:22,2,1,0
BRDA:23,3,0,0
BRDA:23,3,1,0
BRDA:24,4,0,0
BRDA:24,4,1,0
BRDA:28,5,0,0
BRDA:28,5,1,0
BRDA:29,6,0,0
BRDA:29,6,1,0
BRDA:29,6,2,0
BRDA:30,7,0,0
BRDA:30,7,1,0
BRDA:32,8,0,0
BRDA:32,8,1,0
BRDA:36,9,0,0
BRDA:36,9,1,0
BRDA:38,10,0,0
BRDA:38,10,1,0
BRDA:39,11,0,0
BRDA:39,11,1,0
BRDA:39,12,0,0
BRDA:39,12,1,0
BRDA:47,13,0,0
BRDA:47,13,1,0
BRDA:70,14,0,0
BRDA:70,14,1,0
BRDA:80,15,0,0
BRDA:80,15,1,0
BRDA:84,16,0,0
BRDA:84,16,1,0
BRDA:90,17,0,0
BRDA:90,17,1,0
BRDA:100,18,0,0
BRDA:100,18,1,0
BRDA:104,19,0,0
BRDA:104,19,1,0
BRDA:106,20,0,0
BRDA:106,20,1,0
BRDA:111,21,0,0
BRDA:111,21,1,0
BRDA:117,22,0,0
BRDA:117,22,1,0
BRDA:118,23,0,0
BRDA:118,23,1,0
BRDA:120,24,0,0
BRDA:120,24,1,0
BRDA:120,25,0,0
BRDA:120,25,1,0
BRDA:121,26,0,0
BRDA:121,26,1,0
BRDA:125,27,0,0
BRDA:125,27,1,0
BRDA:125,28,0,0
BRDA:125,28,1,0
BRDA:129,29,0,0
BRDA:129,29,1,0
BRDA:136,30,0,0
BRDA:136,30,1,0
BRF:63
BRH:0
end_of_record
TN:
SF:src\app\components\StudentGrid.jsx
FN:5,formatCheck
FN:8,(anonymous_1)
FN:18,StudentGrid
FN:22,(anonymous_3)
FN:25,handleExpand
FN:29,handleClose
FN:34,handlePrev
FN:41,handleNext
FN:48,(anonymous_8)
FN:51,(anonymous_9)
FN:52,(anonymous_10)
FN:55,(anonymous_11)
FN:115,(anonymous_12)
FN:132,(anonymous_13)
FN:132,(anonymous_14)
FN:138,(anonymous_15)
FN:159,(anonymous_16)
FN:160,(anonymous_17)
FN:161,(anonymous_18)
FNF:19
FNH:0
FNDA:0,formatCheck
FNDA:0,(anonymous_1)
FNDA:0,StudentGrid
FNDA:0,(anonymous_3)
FNDA:0,handleExpand
FNDA:0,handleClose
FNDA:0,handlePrev
FNDA:0,handleNext
FNDA:0,(anonymous_8)
FNDA:0,(anonymous_9)
FNDA:0,(anonymous_10)
FNDA:0,(anonymous_11)
FNDA:0,(anonymous_12)
FNDA:0,(anonymous_13)
FNDA:0,(anonymous_14)
FNDA:0,(anonymous_15)
FNDA:0,(anonymous_16)
FNDA:0,(anonymous_17)
FNDA:0,(anonymous_18)
DA:6,0
DA:7,0
DA:8,0
DA:9,0
DA:10,0
DA:11,0
DA:12,0
DA:13,0
DA:14,0
DA:19,0
DA:20,0
DA:22,0
DA:23,0
DA:26,0
DA:30,0
DA:31,0
DA:35,0
DA:36,0
DA:37,0
DA:42,0
DA:43,0
DA:44,0
DA:48,0
DA:49,0
DA:50,0
DA:51,0
DA:52,0
DA:54,0
DA:55,0
DA:57,0
DA:92,0
DA:116,0
DA:132,0
DA:139,0
DA:159,0
DA:160,0
DA:161,0
DA:174,0
LF:38
LH:0
BRDA:6,0,0,0
BRDA:6,0,1,0
BRDA:7,1,0,0
BRDA:7,1,1,0
BRDA:9,2,0,0
BRDA:9,2,1,0
BRDA:10,3,0,0
BRDA:10,3,1,0
BRDA:11,4,0,0
BRDA:11,4,1,0
BRDA:12,5,0,0
BRDA:12,5,1,0
BRDA:12,6,0,0
BRDA:12,6,1,0
BRDA:13,7,0,0
BRDA:13,7,1,0
BRDA:18,8,0,0
BRDA:23,9,0,0
BRDA:23,9,1,0
BRDA:35,10,0,0
BRDA:35,10,1,0
BRDA:42,11,0,0
BRDA:42,11,1,0
BRDA:49,12,0,0
BRDA:49,12,1,0
BRDA:51,13,0,0
BRDA:51,13,1,0
BRDA:52,14,0,0
BRDA:52,14,1,0
BRDA:52,15,0,0
BRDA:52,15,1,0
BRDA:54,16,0,0
BRDA:54,16,1,0
BRDA:66,17,0,0
BRDA:66,17,1,0
BRDA:73,18,0,0
BRDA:73,18,1,0
BRDA:73,18,2,0
BRDA:80,19,0,0
BRDA:80,19,1,0
BRDA:80,19,2,0
BRDA:97,20,0,0
BRDA:97,20,1,0
BRDA:108,21,0,0
BRDA:108,21,1,0
BRDA:130,22,0,0
BRDA:130,22,1,0
BRDA:134,23,0,0
BRDA:134,23,1,0
BRDA:136,24,0,0
BRDA:136,24,1,0
BRDA:152,25,0,0
BRDA:152,25,1,0
BRF:53
BRH:0
end_of_record
TN:
SF:src\app\components\StudentModal.jsx
FN:11,resolveAssetsPath
FN:14,(anonymous_1)
FN:18,parseScratchState
FN:24,parseSpriteState
FN:34,StudentModal
FN:41,(anonymous_5)
FN:46,(anonymous_6)
FN:56,(anonymous_7)
FN:66,handleResetToStarter
FN:71,handleSetToComplete
FN:77,(anonymous_10)
FN:78,onKey
FN:80,(anonymous_12)
FN:87,(anonymous_13)
FN:235,(anonymous_14)
FN:240,(anonymous_15)
FNF:16
FNH:0
FNDA:0,resolveAssetsPath
FNDA:0,(anonymous_1)
FNDA:0,parseScratchState
FNDA:0,parseSpriteState
FNDA:0,StudentModal
FNDA:0,(anonymous_5)
FNDA:0,(anonymous_6)
FNDA:0,(anonymous_7)
FNDA:0,handleResetToStarter
FNDA:0,handleSetToComplete
FNDA:0,(anonymous_10)
FNDA:0,onKey
FNDA:0,(anonymous_12)
FNDA:0,(anonymous_13)
FNDA:0,(anonymous_14)
FNDA:0,(anonymous_15)
DA:12,0
DA:13,0
DA:14,0
DA:15,0
DA:19,0
DA:20,0
DA:21,0
DA:25,0
DA:26,0
DA:27,0
DA:28,0
DA:30,0
DA:35,0
DA:36,0
DA:38,0
DA:39,0
DA:40,0
DA:42,0
DA:43,0
DA:46,0
DA:47,0
DA:48,0
DA:49,0
DA:50,0
DA:51,0
DA:55,0
DA:56,0
DA:58,0
DA:67,0
DA:68,0
DA:72,0
DA:73,0
DA:77,0
DA:78,0
DA:79,0
DA:80,0
DA:83,0
DA:87,0
DA:236,0
DA:240,0
DA:274,0
LF:41
LH:0
BRDA:12,0,0,0
BRDA:12,0,1,0
BRDA:14,1,0,0
BRDA:14,1,1,0
BRDA:19,2,0,0
BRDA:19,2,1,0
BRDA:20,3,0,0
BRDA:20,3,1,0
BRDA:25,4,0,0
BRDA:25,4,1,0
BRDA:27,5,0,0
BRDA:27,5,1,0
BRDA:28,6,0,0
BRDA:28,6,1,0
BRDA:28,7,0,0
BRDA:28,7,1,0
BRDA:28,7,2,0
BRDA:28,7,3,0
BRDA:40,8,0,0
BRDA:40,8,1,0
BRDA:43,9,0,0
BRDA:43,9,1,0
BRDA:43,10,0,0
BRDA:43,10,1,0
BRDA:49,11,0,0
BRDA:49,11,1,0
BRDA:50,12,0,0
BRDA:50,12,1,0
BRDA:51,13,0,0
BRDA:51,13,1,0
BRDA:51,14,0,0
BRDA:51,14,1,0
BRDA:51,14,2,0
BRDA:51,14,3,0
BRDA:52,15,0,0
BRDA:52,15,1,0
BRDA:55,16,0,0
BRDA:55,16,1,0
BRDA:55,16,2,0
BRDA:56,17,0,0
BRDA:56,17,1,0
BRDA:58,18,0,0
BRDA:58,18,1,0
BRDA:60,19,0,0
BRDA:60,19,1,0
BRDA:62,20,0,0
BRDA:62,20,1,0
BRDA:67,21,0,0
BRDA:67,21,1,0
BRDA:72,22,0,0
BRDA:72,22,1,0
BRDA:78,23,0,0
BRDA:78,23,1,0
BRDA:87,24,0,0
BRDA:87,24,1,0
BRDA:97,25,0,0
BRDA:97,25,1,0
BRDA:98,26,0,0
BRDA:98,26,1,0
BRDA:101,27,0,0
BRDA:101,27,1,0
BRDA:103,28,0,0
BRDA:103,28,1,0
BRDA:103,29,0,0
BRDA:103,29,1,0
BRDA:104,30,0,0
BRDA:104,30,1,0
BRDA:109,31,0,0
BRDA:109,31,1,0
BRDA:117,32,0,0
BRDA:117,32,1,0
BRDA:125,33,0,0
BRDA:125,33,1,0
BRDA:125,33,2,0
BRDA:125,33,3,0
BRDA:135,34,0,0
BRDA:135,34,1,0
BRDA:137,35,0,0
BRDA:137,35,1,0
BRDA:138,36,0,0
BRDA:138,36,1,0
BRDA:144,37,0,0
BRDA:144,37,1,0
BRDA:144,37,2,0
BRDA:145,38,0,0
BRDA:145,38,1,0
BRDA:184,39,0,0
BRDA:184,39,1,0
BRDA:184,40,0,0
BRDA:184,40,1,0
BRDA:184,41,0,0
BRDA:184,41,1,0
BRDA:184,42,0,0
BRDA:184,42,1,0
BRDA:185,43,0,0
BRDA:185,43,1,0
BRDA:186,44,0,0
BRDA:186,44,1,0
BRDA:187,45,0,0
BRDA:187,45,1,0
BRDA:191,46,0,0
BRDA:191,46,1,0
BRDA:196,47,0,0
BRDA:196,47,1,0
BRDA:200,48,0,0
BRDA:200,48,1,0
BRDA:206,49,0,0
BRDA:206,49,1,0
BRDA:208,50,0,0
BRDA:208,50,1,0
BRDA:212,51,0,0
BRDA:212,51,1,0
BRDA:219,52,0,0
BRDA:219,52,1,0
BRDA:224,53,0,0
BRDA:224,53,1,0
BRDA:233,54,0,0
BRDA:233,54,1,0
BRDA:238,55,0,0
BRDA:238,55,1,0
BRDA:239,56,0,0
BRDA:239,56,1,0
BRDA:247,57,0,0
BRDA:247,57,1,0
BRDA:251,58,0,0
BRDA:251,58,1,0
BRF:126
BRH:0
end_of_record
TN:
SF:src\app\components\TaskNavigator.jsx
FN:4,TaskNavigator
FN:18,(anonymous_1)
FN:20,(anonymous_2)
FN:22,(anonymous_3)
FN:26,toggleGroup
FN:27,(anonymous_5)
FN:52,(anonymous_6)
FN:55,(anonymous_7)
FN:66,(anonymous_8)
FN:73,(anonymous_9)
FN:75,(anonymous_10)
FN:76,(anonymous_11)
FN:87,(anonymous_12)
FN:109,(anonymous_13)
FN:110,(anonymous_14)
FN:121,(anonymous_15)
FN:145,(anonymous_16)
FN:156,(anonymous_17)
FNF:18
FNH:0
FNDA:0,TaskNavigator
FNDA:0,(anonymous_1)
FNDA:0,(anonymous_2)
FNDA:0,(anonymous_3)
FNDA:0,toggleGroup
FNDA:0,(anonymous_5)
FNDA:0,(anonymous_6)
FNDA:0,(anonymous_7)
FNDA:0,(anonymous_8)
FNDA:0,(anonymous_9)
FNDA:0,(anonymous_10)
FNDA:0,(anonymous_11)
FNDA:0,(anonymous_12)
FNDA:0,(anonymous_13)
FNDA:0,(anonymous_14)
FNDA:0,(anonymous_15)
FNDA:0,(anonymous_16)
FNDA:0,(anonymous_17)
DA:16,0
DA:17,0
DA:18,0
DA:20,0
DA:21,0
DA:22,0
DA:23,0
DA:27,0
DA:30,0
DA:31,0
DA:39,0
DA:53,0
DA:54,0
DA:55,0
DA:56,0
DA:58,0
DA:66,0
DA:74,0
DA:75,0
DA:76,0
DA:77,0
DA:79,0
DA:87,0
DA:108,0
DA:109,0
DA:110,0
DA:111,0
DA:113,0
DA:121,0
DA:146,0
DA:147,0
DA:157,0
DA:158,0
DA:185,0
LF:34
LH:0
BRDA:5,0,0,0
BRDA:8,1,0,0
BRDA:22,2,0,0
BRDA:22,2,1,0
BRDA:30,3,0,0
BRDA:30,3,1,0
BRDA:44,4,0,0
BRDA:44,4,1,0
BRDA:53,5,0,0
BRDA:53,5,1,0
BRDA:54,6,0,0
BRDA:54,6,1,0
BRDA:63,7,0,0
BRDA:63,7,1,0
BRDA:64,8,0,0
BRDA:64,8,1,0
BRDA:64,9,0,0
BRDA:64,9,1,0
BRDA:66,10,0,0
BRDA:66,10,1,0
BRDA:66,10,2,0
BRDA:68,11,0,0
BRDA:68,11,1,0
BRDA:69,12,0,0
BRDA:69,12,1,0
BRDA:73,13,0,0
BRDA:73,13,1,0
BRDA:75,14,0,0
BRDA:75,14,1,0
BRDA:84,15,0,0
BRDA:84,15,1,0
BRDA:85,16,0,0
BRDA:85,16,1,0
BRDA:85,17,0,0
BRDA:85,17,1,0
BRDA:87,18,0,0
BRDA:87,18,1,0
BRDA:87,18,2,0
BRDA:92,19,0,0
BRDA:92,19,1,0
BRDA:92,19,2,0
BRDA:95,20,0,0
BRDA:95,20,1,0
BRDA:99,21,0,0
BRDA:99,21,1,0
BRDA:109,22,0,0
BRDA:109,22,1,0
BRDA:118,23,0,0
BRDA:118,23,1,0
BRDA:119,24,0,0
BRDA:119,24,1,0
BRDA:119,25,0,0
BRDA:119,25,1,0
BRDA:121,26,0,0
BRDA:121,26,1,0
BRDA:121,26,2,0
BRDA:126,27,0,0
BRDA:126,27,1,0
BRDA:126,27,2,0
BRDA:129,28,0,0
BRDA:129,28,1,0
BRDA:133,29,0,0
BRDA:133,29,1,0
BRDA:147,30,0,0
BRDA:147,30,1,0
BRDA:158,31,0,0
BRDA:158,31,1,0
BRDA:167,32,0,0
BRDA:167,32,1,0
BRDA:171,33,0,0
BRDA:171,33,1,0
BRF:71
BRH:0
end_of_record
TN:
SF:src\app\components\TaskProgressDots.jsx
FN:5,TaskProgressDots
FN:10,(anonymous_1)
FN:21,(anonymous_2)
FN:24,(anonymous_3)
FN:25,(anonymous_4)
FN:42,(anonymous_5)
FNF:6
FNH:6
FNDA:14,TaskProgressDots
FNDA:2,(anonymous_1)
FNDA:35,(anonymous_2)
FNDA:35,(anonymous_3)
FNDA:35,(anonymous_4)
FNDA:2,(anonymous_5)
DA:6,14
DA:7,14
DA:9,14
DA:10,2
DA:11,1
DA:12,1
DA:19,13
DA:22,35
DA:23,35
DA:24,35
DA:25,35
DA:26,35
DA:27,35
DA:28,35
DA:30,35
DA:42,2
DA:55,1
LF:17
LH:17
BRDA:9,0,0,1
BRDA:9,0,1,13
BRDA:23,1,0,35
BRDA:23,1,1,0
BRDA:27,2,0,35
BRDA:27,2,1,28
BRDA:27,2,2,6
BRDA:35,3,0,1
BRDA:35,3,1,34
BRDA:36,4,0,12
BRDA:36,4,1,23
BRDA:37,5,0,0
BRDA:37,5,1,35
BRDA:38,6,0,7
BRDA:38,6,1,28
BRDA:39,7,0,12
BRDA:39,7,1,23
BRDA:39,8,0,35
BRDA:39,8,1,29
BRDA:40,9,0,12
BRDA:40,9,1,23
BRDA:42,10,0,2
BRDA:42,10,1,2
BRDA:47,11,0,7
BRDA:47,11,1,28
BRF:25
BRH:23
end_of_record
TN:
SF:src\app\components\TopBar.jsx
FN:5,TopBar
FNF:1
FNH:0
FNDA:0,TopBar
DA:6,0
DA:8,0
DA:14,0
DA:40,0
LF:4
LH:0
BRDA:8,0,0,0
BRDA:8,0,1,0
BRDA:10,1,0,0
BRDA:10,1,1,0
BRDA:17,2,0,0
BRDA:17,2,1,0
BRDA:18,3,0,0
BRDA:18,3,1,0
BRDA:19,4,0,0
BRDA:19,4,1,0
BRDA:20,5,0,0
BRDA:20,5,1,0
BRDA:21,6,0,0
BRDA:21,6,1,0
BRDA:22,7,0,0
BRDA:22,7,1,0
BRDA:22,8,0,0
BRDA:22,8,1,0
BRDA:24,9,0,0
BRDA:24,9,1,0
BRDA:25,10,0,0
BRDA:25,10,1,0
BRDA:32,11,0,0
BRDA:32,11,1,0
BRDA:32,11,2,0
BRDA:33,12,0,0
BRDA:33,12,1,0
BRF:27
BRH:0
end_of_record
TN:
SF:src\app\components\WaitingRoom.jsx
FN:3,WaitingRoom
FN:6,(anonymous_1)
FN:7,(anonymous_2)
FN:7,(anonymous_3)
FN:8,(anonymous_4)
FNF:5
FNH:0
FNDA:0,WaitingRoom
FNDA:0,(anonymous_1)
FNDA:0,(anonymous_2)
FNDA:0,(anonymous_3)
FNDA:0,(anonymous_4)
DA:4,0
DA:6,0
DA:7,0
DA:8,0
DA:11,0
DA:30,0
LF:6
LH:0
BRDA:7,0,0,0
BRDA:7,0,1,0
BRDA:17,1,0,0
BRDA:17,1,1,0
BRF:4
BRH:0
end_of_record
TN:
SF:src\app\hooks\useIdentity.js
FN:5,generateId
FN:14,useIdentity
FN:18,(anonymous_2)
FN:30,save
FN:36,createIdentity
FN:47,updateTimestamp
FN:54,updateDisplayName
FNF:7
FNH:7
FNDA:4,generateId
FNDA:24,useIdentity
FNDA:9,(anonymous_2)
FNDA:6,save
FNDA:4,createIdentity
FNDA:2,updateTimestamp
FNDA:2,updateDisplayName
DA:3,1
DA:6,4
DA:15,24
DA:16,24
DA:18,24
DA:19,9
DA:20,9
DA:21,2
DA:22,2
DA:24,1
DA:27,9
DA:31,6
DA:32,6
DA:37,4
DA:42,4
DA:43,4
DA:48,2
DA:49,1
DA:50,1
DA:55,2
DA:56,1
DA:57,1
DA:60,24
LF:23
LH:23
BRDA:20,0,0,2
BRDA:20,0,1,7
BRDA:48,1,0,1
BRDA:48,1,1,1
BRDA:55,2,0,1
BRDA:55,2,1,1
BRF:6
BRH:6
end_of_record
TN:
SF:src\app\hooks\useSession.js
FN:6,encodeFileKeys
FN:8,(anonymous_1)
FN:12,decodeFileKey
FN:20,useSession
FN:26,(anonymous_4)
FN:28,(anonymous_5)
FN:29,(anonymous_6)
FN:32,(anonymous_7)
FN:37,(anonymous_8)
FN:42,(anonymous_9)
FN:47,createSession
FN:64,restartSession
FN:68,startSession
FN:72,endSession
FN:88,setTaskId
FN:101,enterSandbox
FN:108,(anonymous_16)
FN:115,exitSandbox
FN:125,pushSandboxCode
FN:132,pushSandboxFiles
FN:133,(anonymous_20)
FN:140,setPaused
FN:144,setActiveStudentView
FN:153,setTeacherLive
FN:167,updateTeacherLive
FN:174,renameStudent
FN:178,removeStudent
FN:185,pushResetToStudent
FN:194,registerPresence
FN:200,joinSession
FN:213,writeStudentRun
FN:226,writeStudentCode
FN:230,writeStudentFiles
FN:234,writeStudentOutput
FNF:34
FNH:0
FNDA:0,encodeFileKeys
FNDA:0,(anonymous_1)
FNDA:0,decodeFileKey
FNDA:0,useSession
FNDA:0,(anonymous_4)
FNDA:0,(anonymous_5)
FNDA:0,(anonymous_6)
FNDA:0,(anonymous_7)
FNDA:0,(anonymous_8)
FNDA:0,(anonymous_9)
FNDA:0,createSession
FNDA:0,restartSession
FNDA:0,startSession
FNDA:0,endSession
FNDA:0,setTaskId
FNDA:0,enterSandbox
FNDA:0,(anonymous_16)
FNDA:0,exitSandbox
FNDA:0,pushSandboxCode
FNDA:0,pushSandboxFiles
FNDA:0,(anonymous_20)
FNDA:0,setPaused
FNDA:0,setActiveStudentView
FNDA:0,setTeacherLive
FNDA:0,updateTeacherLive
FNDA:0,renameStudent
FNDA:0,removeStudent
FNDA:0,pushResetToStudent
FNDA:0,registerPresence
FNDA:0,joinSession
FNDA:0,writeStudentRun
FNDA:0,writeStudentCode
FNDA:0,writeStudentFiles
FNDA:0,writeStudentOutput
DA:7,0
DA:8,0
DA:13,0
DA:21,0
DA:22,0
DA:23,0
DA:24,0
DA:26,0
DA:27,0
DA:28,0
DA:29,0
DA:32,0
DA:33,0
DA:34,0
DA:35,0
DA:37,0
DA:38,0
DA:39,0
DA:42,0
DA:48,0
DA:65,0
DA:69,0
DA:73,0
DA:85,0
DA:89,0
DA:90,0
DA:91,0
DA:92,0
DA:93,0
DA:94,0
DA:95,0
DA:96,0
DA:98,0
DA:102,0
DA:103,0
DA:104,0
DA:105,0
DA:107,0
DA:108,0
DA:109,0
DA:110,0
DA:112,0
DA:116,0
DA:126,0
DA:133,0
DA:134,0
DA:141,0
DA:145,0
DA:146,0
DA:147,0
DA:149,0
DA:154,0
DA:155,0
DA:156,0
DA:157,0
DA:159,0
DA:164,0
DA:168,0
DA:175,0
DA:179,0
DA:180,0
DA:182,0
DA:186,0
DA:195,0
DA:196,0
DA:197,0
DA:201,0
DA:214,0
DA:219,0
DA:220,0
DA:221,0
DA:222,0
DA:223,0
DA:227,0
DA:231,0
DA:235,0
DA:238,0
LF:77
LH:0
BRDA:33,0,0,0
BRDA:33,0,1,0
BRDA:38,1,0,0
BRDA:38,1,1,0
BRDA:90,2,0,0
BRDA:90,2,1,0
BRDA:101,3,0,0
BRDA:101,4,0,0
BRDA:101,5,0,0
BRDA:103,6,0,0
BRDA:103,6,1,0
BRDA:107,7,0,0
BRDA:107,7,1,0
BRDA:146,8,0,0
BRDA:146,8,1,0
BRDA:147,9,0,0
BRDA:147,9,1,0
BRDA:155,10,0,0
BRDA:155,10,1,0
BRDA:179,11,0,0
BRDA:179,11,1,0
BRDA:216,12,0,0
BRDA:216,12,1,0
BRDA:219,13,0,0
BRDA:219,13,1,0
BRDA:220,14,0,0
BRDA:220,14,1,0
BRDA:221,15,0,0
BRDA:221,15,1,0
BRDA:222,16,0,0
BRDA:222,16,1,0
BRF:31
BRH:0
end_of_record
TN:
SF:src\app\views\LandingPage.jsx
FN:4,LandingPage
FN:11,handleGo
FN:39,(anonymous_2)
FNF:3
FNH:3
FNDA:38,LandingPage
FNDA:4,handleGo
FNDA:28,(anonymous_2)
DA:5,38
DA:6,38
DA:7,38
DA:9,38
DA:12,4
DA:13,4
DA:14,4
DA:15,2
DA:18,38
DA:39,28
DA:57,1
LF:11
LH:11
BRDA:14,0,0,2
BRDA:14,0,1,2
BRDA:15,1,0,0
BRDA:15,1,1,2
BRDA:26,2,0,0
BRDA:26,2,1,38
BRDA:31,3,0,0
BRDA:31,3,1,38
BRF:8
BRH:5
end_of_record
TN:
SF:src\app\views\LessonRoute.jsx
FN:10,LessonRoute
FNF:1
FNH:0
FNDA:0,LessonRoute
DA:11,0
DA:12,0
DA:13,0
DA:14,0
DA:15,0
DA:17,0
DA:18,0
DA:19,0
LF:8
LH:0
BRDA:17,0,0,0
BRDA:17,0,1,0
BRDA:17,1,0,0
BRDA:17,1,1,0
BRDA:18,2,0,0
BRDA:18,2,1,0
BRF:6
BRH:0
end_of_record
TN:
SF:src\app\views\StudentView.jsx
FN:26,resolveAssetsPath
FN:29,(anonymous_1)
FN:33,(anonymous_2)
FN:35,(anonymous_3)
FN:38,loadSavedCode
FN:42,saveCode
FN:45,loadSavedFile
FN:49,saveFile
FN:55,TaskSlideTransition
FN:59,(anonymous_9)
FN:65,(anonymous_10)
FN:69,(anonymous_11)
FN:73,(anonymous_12)
FN:100,StudentView
FN:156,currentTeacherLivePayload
FN:157,(anonymous_15)
FN:179,resetCheckFeedback
FN:186,applyCheckFeedback
FN:191,(anonymous_18)
FN:198,canPublishTeacherLive
FN:204,publishTeacherLive
FN:209,saveCurrentWorkSnapshot
FN:215,(anonymous_22)
FN:225,(anonymous_23)
FN:231,(anonymous_24)
FN:240,(anonymous_25)
FN:241,(anonymous_26)
FN:242,(anonymous_27)
FN:245,(anonymous_28)
FN:249,(anonymous_29)
FN:254,(anonymous_30)
FN:259,(anonymous_31)
FN:269,(anonymous_32)
FN:272,(anonymous_33)
FN:273,(anonymous_34)
FN:274,(anonymous_35)
FN:278,(anonymous_36)
FN:396,(anonymous_37)
FN:412,(anonymous_38)
FN:419,(anonymous_39)
FN:429,(anonymous_40)
FN:432,(anonymous_41)
FN:448,(anonymous_42)
FN:462,(anonymous_43)
FN:475,(anonymous_44)
FN:484,canCarryFrom
FN:486,(anonymous_46)
FN:494,loadTaskContent
FN:497,(anonymous_48)
FN:524,(anonymous_49)
FN:542,(anonymous_50)
FN:549,(anonymous_51)
FN:556,(anonymous_52)
FN:566,(anonymous_53)
FN:574,(anonymous_54)
FN:584,(anonymous_55)
FN:594,handleNameSubmit
FN:604,handleWaitForTeacher
FN:613,handleSoloNavigate
FN:616,(anonymous_59)
FN:640,(anonymous_60)
FN:652,handleShowCompleteCode
FN:665,(anonymous_62)
FN:671,(anonymous_63)
FN:680,handleRun
FN:693,(anonymous_65)
FN:701,(anonymous_66)
FN:702,(anonymous_67)
FN:743,(anonymous_68)
FN:744,(anonymous_69)
FN:751,(anonymous_70)
FN:754,(anonymous_71)
FN:757,(anonymous_72)
FN:762,handleStop
FN:766,handleInputSubmit
FN:772,handleCodeChange
FN:786,handleFileChange
FN:787,(anonymous_77)
FN:791,(anonymous_78)
FN:801,(anonymous_79)
FN:807,handleScratchChange
FN:819,handleScratchCheck
FN:822,(anonymous_82)
FN:836,handleResetCode
FN:846,(anonymous_84)
FN:848,(anonymous_85)
FN:858,handleSubmit
FN:863,(anonymous_87)
FN:872,(anonymous_88)
FN:881,(anonymous_89)
FN:886,(anonymous_90)
FN:891,handleQuizSelect
FN:926,getQuizSuggestion
FN:929,(anonymous_93)
FN:948,handleGoSolo
FN:957,(anonymous_95)
FN:987,(anonymous_96)
FN:1001,(anonymous_97)
FN:1008,(anonymous_98)
FN:1025,(anonymous_99)
FN:1053,handleToggleTeacherLive
FN:1068,(anonymous_101)
FN:1077,(anonymous_102)
FN:1096,(anonymous_103)
FN:1097,(anonymous_104)
FN:1140,(anonymous_105)
FN:1178,(anonymous_106)
FN:1327,(anonymous_107)
FN:1327,(anonymous_108)
FN:1345,(anonymous_109)
FN:1376,(anonymous_110)
FN:1393,(anonymous_111)
FN:1404,(anonymous_112)
FN:1419,(anonymous_113)
FN:1435,(anonymous_114)
FN:1446,LoadingScreen
FN:1454,StudentEditorHeader
FNF:117
FNH:0
FNDA:0,resolveAssetsPath
FNDA:0,(anonymous_1)
FNDA:0,(anonymous_2)
FNDA:0,(anonymous_3)
FNDA:0,loadSavedCode
FNDA:0,saveCode
FNDA:0,loadSavedFile
FNDA:0,saveFile
FNDA:0,TaskSlideTransition
FNDA:0,(anonymous_9)
FNDA:0,(anonymous_10)
FNDA:0,(anonymous_11)
FNDA:0,(anonymous_12)
FNDA:0,StudentView
FNDA:0,currentTeacherLivePayload
FNDA:0,(anonymous_15)
FNDA:0,resetCheckFeedback
FNDA:0,applyCheckFeedback
FNDA:0,(anonymous_18)
FNDA:0,canPublishTeacherLive
FNDA:0,publishTeacherLive
FNDA:0,saveCurrentWorkSnapshot
FNDA:0,(anonymous_22)
FNDA:0,(anonymous_23)
FNDA:0,(anonymous_24)
FNDA:0,(anonymous_25)
FNDA:0,(anonymous_26)
FNDA:0,(anonymous_27)
FNDA:0,(anonymous_28)
FNDA:0,(anonymous_29)
FNDA:0,(anonymous_30)
FNDA:0,(anonymous_31)
FNDA:0,(anonymous_32)
FNDA:0,(anonymous_33)
FNDA:0,(anonymous_34)
FNDA:0,(anonymous_35)
FNDA:0,(anonymous_36)
FNDA:0,(anonymous_37)
FNDA:0,(anonymous_38)
FNDA:0,(anonymous_39)
FNDA:0,(anonymous_40)
FNDA:0,(anonymous_41)
FNDA:0,(anonymous_42)
FNDA:0,(anonymous_43)
FNDA:0,(anonymous_44)
FNDA:0,canCarryFrom
FNDA:0,(anonymous_46)
FNDA:0,loadTaskContent
FNDA:0,(anonymous_48)
FNDA:0,(anonymous_49)
FNDA:0,(anonymous_50)
FNDA:0,(anonymous_51)
FNDA:0,(anonymous_52)
FNDA:0,(anonymous_53)
FNDA:0,(anonymous_54)
FNDA:0,(anonymous_55)
FNDA:0,handleNameSubmit
FNDA:0,handleWaitForTeacher
FNDA:0,handleSoloNavigate
FNDA:0,(anonymous_59)
FNDA:0,(anonymous_60)
FNDA:0,handleShowCompleteCode
FNDA:0,(anonymous_62)
FNDA:0,(anonymous_63)
FNDA:0,handleRun
FNDA:0,(anonymous_65)
FNDA:0,(anonymous_66)
FNDA:0,(anonymous_67)
FNDA:0,(anonymous_68)
FNDA:0,(anonymous_69)
FNDA:0,(anonymous_70)
FNDA:0,(anonymous_71)
FNDA:0,(anonymous_72)
FNDA:0,handleStop
FNDA:0,handleInputSubmit
FNDA:0,handleCodeChange
FNDA:0,handleFileChange
FNDA:0,(anonymous_77)
FNDA:0,(anonymous_78)
FNDA:0,(anonymous_79)
FNDA:0,handleScratchChange
FNDA:0,handleScratchCheck
FNDA:0,(anonymous_82)
FNDA:0,handleResetCode
FNDA:0,(anonymous_84)
FNDA:0,(anonymous_85)
FNDA:0,handleSubmit
FNDA:0,(anonymous_87)
FNDA:0,(anonymous_88)
FNDA:0,(anonymous_89)
FNDA:0,(anonymous_90)
FNDA:0,handleQuizSelect
FNDA:0,getQuizSuggestion
FNDA:0,(anonymous_93)
FNDA:0,handleGoSolo
FNDA:0,(anonymous_95)
FNDA:0,(anonymous_96)
FNDA:0,(anonymous_97)
FNDA:0,(anonymous_98)
FNDA:0,(anonymous_99)
FNDA:0,handleToggleTeacherLive
FNDA:0,(anonymous_101)
FNDA:0,(anonymous_102)
FNDA:0,(anonymous_103)
FNDA:0,(anonymous_104)
FNDA:0,(anonymous_105)
FNDA:0,(anonymous_106)
FNDA:0,(anonymous_107)
FNDA:0,(anonymous_108)
FNDA:0,(anonymous_109)
FNDA:0,(anonymous_110)
FNDA:0,(anonymous_111)
FNDA:0,(anonymous_112)
FNDA:0,(anonymous_113)
FNDA:0,(anonymous_114)
FNDA:0,LoadingScreen
FNDA:0,StudentEditorHeader
DA:27,0
DA:28,0
DA:29,0
DA:30,0
DA:33,0
DA:34,0
DA:35,0
DA:36,0
DA:39,0
DA:40,0
DA:43,0
DA:46,0
DA:47,0
DA:50,0
DA:53,0
DA:56,0
DA:57,0
DA:59,0
DA:60,0
DA:62,0
DA:63,0
DA:65,0
DA:66,0
DA:69,0
DA:73,0
DA:74,0
DA:75,0
DA:79,0
DA:101,0
DA:105,0
DA:107,0
DA:108,0
DA:110,0
DA:111,0
DA:112,0
DA:113,0
DA:114,0
DA:115,0
DA:116,0
DA:117,0
DA:118,0
DA:119,0
DA:120,0
DA:121,0
DA:122,0
DA:123,0
DA:124,0
DA:125,0
DA:126,0
DA:127,0
DA:128,0
DA:129,0
DA:130,0
DA:131,0
DA:132,0
DA:133,0
DA:134,0
DA:135,0
DA:136,0
DA:137,0
DA:138,0
DA:139,0
DA:141,0
DA:142,0
DA:143,0
DA:144,0
DA:145,0
DA:146,0
DA:147,0
DA:148,0
DA:149,0
DA:150,0
DA:151,0
DA:152,0
DA:153,0
DA:154,0
DA:157,0
DA:158,0
DA:159,0
DA:160,0
DA:180,0
DA:181,0
DA:182,0
DA:183,0
DA:187,0
DA:188,0
DA:189,0
DA:190,0
DA:191,0
DA:192,0
DA:193,0
DA:195,0
DA:199,0
DA:200,0
DA:201,0
DA:205,0
DA:206,0
DA:210,0
DA:211,0
DA:212,0
DA:213,0
DA:215,0
DA:216,0
DA:218,0
DA:219,0
DA:224,0
DA:225,0
DA:231,0
DA:232,0
DA:233,0
DA:234,0
DA:235,0
DA:236,0
DA:238,0
DA:239,0
DA:240,0
DA:241,0
DA:242,0
DA:245,0
DA:246,0
DA:249,0
DA:250,0
DA:251,0
DA:252,0
DA:254,0
DA:259,0
DA:260,0
DA:261,0
DA:269,0
DA:270,0
DA:271,0
DA:272,0
DA:273,0
DA:274,0
DA:278,0
DA:279,0
DA:281,0
DA:282,0
DA:283,0
DA:284,0
DA:286,0
DA:287,0
DA:288,0
DA:290,0
DA:291,0
DA:292,0
DA:294,0
DA:295,0
DA:296,0
DA:300,0
DA:301,0
DA:302,0
DA:303,0
DA:304,0
DA:306,0
DA:307,0
DA:308,0
DA:309,0
DA:311,0
DA:312,0
DA:313,0
DA:314,0
DA:317,0
DA:318,0
DA:319,0
DA:323,0
DA:324,0
DA:325,0
DA:326,0
DA:327,0
DA:329,0
DA:330,0
DA:331,0
DA:332,0
DA:334,0
DA:335,0
DA:336,0
DA:340,0
DA:341,0
DA:342,0
DA:343,0
DA:347,0
DA:350,0
DA:352,0
DA:354,0
DA:355,0
DA:356,0
DA:357,0
DA:360,0
DA:361,0
DA:362,0
DA:366,0
DA:367,0
DA:370,0
DA:371,0
DA:372,0
DA:373,0
DA:374,0
DA:376,0
DA:378,0
DA:381,0
DA:382,0
DA:383,0
DA:387,0
DA:389,0
DA:390,0
DA:391,0
DA:396,0
DA:397,0
DA:398,0
DA:399,0
DA:400,0
DA:401,0
DA:402,0
DA:403,0
DA:404,0
DA:405,0
DA:406,0
DA:412,0
DA:413,0
DA:414,0
DA:419,0
DA:420,0
DA:421,0
DA:423,0
DA:429,0
DA:430,0
DA:431,0
DA:432,0
DA:433,0
DA:434,0
DA:435,0
DA:437,0
DA:438,0
DA:439,0
DA:440,0
DA:441,0
DA:447,0
DA:448,0
DA:449,0
DA:450,0
DA:451,0
DA:452,0
DA:454,0
DA:455,0
DA:456,0
DA:457,0
DA:458,0
DA:459,0
DA:460,0
DA:461,0
DA:462,0
DA:463,0
DA:464,0
DA:465,0
DA:466,0
DA:467,0
DA:468,0
DA:469,0
DA:475,0
DA:476,0
DA:477,0
DA:478,0
DA:479,0
DA:485,0
DA:486,0
DA:487,0
DA:488,0
DA:489,0
DA:490,0
DA:491,0
DA:495,0
DA:496,0
DA:497,0
DA:498,0
DA:499,0
DA:500,0
DA:501,0
DA:502,0
DA:503,0
DA:504,0
DA:505,0
DA:507,0
DA:509,0
DA:510,0
DA:511,0
DA:514,0
DA:515,0
DA:516,0
DA:517,0
DA:519,0
DA:520,0
DA:521,0
DA:522,0
DA:524,0
DA:526,0
DA:527,0
DA:528,0
DA:530,0
DA:531,0
DA:532,0
DA:533,0
DA:535,0
DA:537,0
DA:538,0
DA:542,0
DA:543,0
DA:544,0
DA:549,0
DA:550,0
DA:551,0
DA:556,0
DA:557,0
DA:558,0
DA:559,0
DA:566,0
DA:567,0
DA:568,0
DA:574,0
DA:575,0
DA:576,0
DA:577,0
DA:578,0
DA:580,0
DA:581,0
DA:582,0
DA:583,0
DA:584,0
DA:585,0
DA:586,0
DA:587,0
DA:595,0
DA:596,0
DA:597,0
DA:598,0
DA:599,0
DA:600,0
DA:601,0
DA:605,0
DA:606,0
DA:609,0
DA:614,0
DA:615,0
DA:616,0
DA:617,0
DA:618,0
DA:619,0
DA:620,0
DA:621,0
DA:622,0
DA:623,0
DA:624,0
DA:625,0
DA:626,0
DA:628,0
DA:629,0
DA:630,0
DA:631,0
DA:632,0
DA:635,0
DA:637,0
DA:638,0
DA:639,0
DA:640,0
DA:643,0
DA:644,0
DA:645,0
DA:646,0
DA:647,0
DA:648,0
DA:649,0
DA:653,0
DA:654,0
DA:655,0
DA:657,0
DA:658,0
DA:659,0
DA:660,0
DA:661,0
DA:662,0
DA:663,0
DA:664,0
DA:665,0
DA:666,0
DA:667,0
DA:668,0
DA:669,0
DA:670,0
DA:671,0
DA:672,0
DA:673,0
DA:674,0
DA:675,0
DA:676,0
DA:681,0
DA:682,0
DA:683,0
DA:684,0
DA:686,0
DA:687,0
DA:688,0
DA:689,0
DA:691,0
DA:692,0
DA:693,0
DA:694,0
DA:695,0
DA:696,0
DA:697,0
DA:699,0
DA:700,0
DA:701,0
DA:702,0
DA:704,0
DA:706,0
DA:707,0
DA:708,0
DA:711,0
DA:712,0
DA:714,0
DA:715,0
DA:716,0
DA:717,0
DA:718,0
DA:720,0
DA:721,0
DA:723,0
DA:724,0
DA:726,0
DA:727,0
DA:729,0
DA:730,0
DA:734,0
DA:735,0
DA:739,0
DA:740,0
DA:743,0
DA:744,0
DA:745,0
DA:746,0
DA:747,0
DA:748,0
DA:749,0
DA:750,0
DA:751,0
DA:753,0
DA:754,0
DA:755,0
DA:757,0
DA:759,0
DA:763,0
DA:767,0
DA:768,0
DA:769,0
DA:773,0
DA:774,0
DA:775,0
DA:777,0
DA:778,0
DA:779,0
DA:781,0
DA:782,0
DA:787,0
DA:788,0
DA:789,0
DA:790,0
DA:791,0
DA:795,0
DA:796,0
DA:797,0
DA:799,0
DA:800,0
DA:801,0
DA:803,0
DA:808,0
DA:809,0
DA:811,0
DA:812,0
DA:813,0
DA:814,0
DA:815,0
DA:820,0
DA:821,0
DA:822,0
DA:823,0
DA:824,0
DA:825,0
DA:826,0
DA:827,0
DA:837,0
DA:838,0
DA:839,0
DA:840,0
DA:841,0
DA:842,0
DA:843,0
DA:844,0
DA:845,0
DA:846,0
DA:847,0
DA:848,0
DA:849,0
DA:850,0
DA:851,0
DA:852,0
DA:853,0
DA:854,0
DA:859,0
DA:860,0
DA:861,0
DA:862,0
DA:863,0
DA:864,0
DA:865,0
DA:866,0
DA:867,0
DA:868,0
DA:869,0
DA:870,0
DA:872,0
DA:880,0
DA:881,0
DA:882,0
DA:883,0
DA:885,0
DA:886,0
DA:887,0
DA:892,0
DA:893,0
DA:896,0
DA:897,0
DA:898,0
DA:901,0
DA:903,0
DA:908,0
DA:910,0
DA:911,0
DA:912,0
DA:913,0
DA:914,0
DA:915,0
DA:917,0
DA:918,0
DA:927,0
DA:928,0
DA:929,0
DA:930,0
DA:932,0
DA:933,0
DA:935,0
DA:940,0
DA:941,0
DA:944,0
DA:945,0
DA:949,0
DA:950,0
DA:953,0
DA:954,0
DA:957,0
DA:965,0
DA:966,0
DA:974,0
DA:975,0
DA:987,0
DA:995,0
DA:996,0
DA:997,0
DA:1001,0
DA:1002,0
DA:1003,0
DA:1004,0
DA:1005,0
DA:1006,0
DA:1007,0
DA:1008,0
DA:1014,0
DA:1015,0
DA:1016,0
DA:1017,0
DA:1018,0
DA:1019,0
DA:1020,0
DA:1021,0
DA:1022,0
DA:1023,0
DA:1024,0
DA:1025,0
DA:1026,0
DA:1027,0
DA:1028,0
DA:1033,0
DA:1034,0
DA:1041,0
DA:1051,0
DA:1054,0
DA:1055,0
DA:1056,0
DA:1057,0
DA:1059,0
DA:1062,0
DA:1068,0
DA:1077,0
DA:1096,0
DA:1098,0
DA:1099,0
DA:1100,0
DA:1101,0
DA:1108,0
DA:1140,0
DA:1179,0
DA:1180,0
DA:1181,0
DA:1182,0
DA:1183,0
DA:1185,0
DA:1186,0
DA:1327,0
DA:1345,0
DA:1376,0
DA:1393,0
DA:1404,0
DA:1419,0
DA:1435,0
DA:1447,0
DA:1455,0
DA:1457,0
DA:1482,0
LF:627
LH:0
BRDA:27,0,0,0
BRDA:27,0,1,0
BRDA:29,1,0,0
BRDA:29,1,1,0
BRDA:40,2,0,0
BRDA:40,2,1,0
BRDA:47,3,0,0
BRDA:47,3,1,0
BRDA:60,4,0,0
BRDA:60,4,1,0
BRDA:74,5,0,0
BRDA:74,5,1,0
BRDA:74,6,0,0
BRDA:74,6,1,0
BRDA:80,7,0,0
BRDA:80,7,1,0
BRDA:81,8,0,0
BRDA:81,8,1,0
BRDA:100,9,0,0
BRDA:100,10,0,0
BRDA:100,11,0,0
BRDA:101,12,0,0
BRDA:101,12,1,0
BRDA:101,12,2,0
BRDA:108,13,0,0
BRDA:108,13,1,0
BRDA:156,14,0,0
BRDA:158,15,0,0
BRDA:158,15,1,0
BRDA:159,16,0,0
BRDA:159,16,1,0
BRDA:162,17,0,0
BRDA:162,17,1,0
BRDA:186,18,0,0
BRDA:187,19,0,0
BRDA:187,19,1,0
BRDA:187,20,0,0
BRDA:187,20,1,0
BRDA:192,21,0,0
BRDA:192,21,1,0
BRDA:192,22,0,0
BRDA:192,22,1,0
BRDA:193,23,0,0
BRDA:193,23,1,0
BRDA:199,24,0,0
BRDA:199,24,1,0
BRDA:200,25,0,0
BRDA:200,25,1,0
BRDA:204,26,0,0
BRDA:205,27,0,0
BRDA:205,27,1,0
BRDA:213,28,0,0
BRDA:213,28,1,0
BRDA:213,29,0,0
BRDA:213,29,1,0
BRDA:213,29,2,0
BRDA:216,30,0,0
BRDA:216,30,1,0
BRDA:216,31,0,0
BRDA:216,31,1,0
BRDA:218,32,0,0
BRDA:218,32,1,0
BRDA:224,33,0,0
BRDA:224,33,1,0
BRDA:232,34,0,0
BRDA:232,34,1,0
BRDA:234,35,0,0
BRDA:234,35,1,0
BRDA:246,36,0,0
BRDA:246,36,1,0
BRDA:250,37,0,0
BRDA:250,37,1,0
BRDA:250,38,0,0
BRDA:250,38,1,0
BRDA:250,38,2,0
BRDA:250,38,3,0
BRDA:257,39,0,0
BRDA:257,39,1,0
BRDA:257,40,0,0
BRDA:257,40,1,0
BRDA:261,41,0,0
BRDA:261,41,1,0
BRDA:262,42,0,0
BRDA:262,42,1,0
BRDA:270,43,0,0
BRDA:270,43,1,0
BRDA:270,44,0,0
BRDA:270,44,1,0
BRDA:270,44,2,0
BRDA:279,45,0,0
BRDA:279,45,1,0
BRDA:279,46,0,0
BRDA:279,46,1,0
BRDA:279,46,2,0
BRDA:279,46,3,0
BRDA:279,46,4,0
BRDA:281,47,0,0
BRDA:281,47,1,0
BRDA:282,48,0,0
BRDA:282,48,1,0
BRDA:286,49,0,0
BRDA:286,49,1,0
BRDA:290,50,0,0
BRDA:290,50,1,0
BRDA:294,51,0,0
BRDA:294,51,1,0
BRDA:300,52,0,0
BRDA:300,52,1,0
BRDA:301,53,0,0
BRDA:301,53,1,0
BRDA:301,54,0,0
BRDA:301,54,1,0
BRDA:306,55,0,0
BRDA:306,55,1,0
BRDA:306,56,0,0
BRDA:306,56,1,0
BRDA:306,56,2,0
BRDA:307,57,0,0
BRDA:307,57,1,0
BRDA:307,58,0,0
BRDA:307,58,1,0
BRDA:311,59,0,0
BRDA:311,59,1,0
BRDA:312,60,0,0
BRDA:312,60,1,0
BRDA:312,61,0,0
BRDA:312,61,1,0
BRDA:317,62,0,0
BRDA:317,62,1,0
BRDA:323,63,0,0
BRDA:323,63,1,0
BRDA:324,64,0,0
BRDA:324,64,1,0
BRDA:324,65,0,0
BRDA:324,65,1,0
BRDA:329,66,0,0
BRDA:329,66,1,0
BRDA:329,67,0,0
BRDA:329,67,1,0
BRDA:330,68,0,0
BRDA:330,68,1,0
BRDA:330,69,0,0
BRDA:330,69,1,0
BRDA:334,70,0,0
BRDA:334,70,1,0
BRDA:340,71,0,0
BRDA:340,71,1,0
BRDA:340,72,0,0
BRDA:340,72,1,0
BRDA:341,73,0,0
BRDA:341,73,1,0
BRDA:347,74,0,0
BRDA:347,74,1,0
BRDA:347,75,0,0
BRDA:347,75,1,0
BRDA:350,76,0,0
BRDA:350,76,1,0
BRDA:352,77,0,0
BRDA:352,77,1,0
BRDA:354,78,0,0
BRDA:354,78,1,0
BRDA:355,79,0,0
BRDA:355,79,1,0
BRDA:356,80,0,0
BRDA:356,80,1,0
BRDA:360,81,0,0
BRDA:360,81,1,0
BRDA:367,82,0,0
BRDA:367,82,1,0
BRDA:370,83,0,0
BRDA:370,83,1,0
BRDA:371,84,0,0
BRDA:371,84,1,0
BRDA:372,85,0,0
BRDA:372,85,1,0
BRDA:373,86,0,0
BRDA:373,86,1,0
BRDA:381,87,0,0
BRDA:381,87,1,0
BRDA:381,88,0,0
BRDA:381,88,1,0
BRDA:389,89,0,0
BRDA:389,89,1,0
BRDA:390,90,0,0
BRDA:390,90,1,0
BRDA:397,91,0,0
BRDA:397,91,1,0
BRDA:397,92,0,0
BRDA:397,92,1,0
BRDA:398,93,0,0
BRDA:398,93,1,0
BRDA:413,94,0,0
BRDA:413,94,1,0
BRDA:413,95,0,0
BRDA:413,95,1,0
BRDA:413,95,2,0
BRDA:420,96,0,0
BRDA:420,96,1,0
BRDA:420,97,0,0
BRDA:420,97,1,0
BRDA:420,97,2,0
BRDA:430,98,0,0
BRDA:430,98,1,0
BRDA:430,99,0,0
BRDA:430,99,1,0
BRDA:431,100,0,0
BRDA:431,100,1,0
BRDA:434,101,0,0
BRDA:434,101,1,0
BRDA:434,102,0,0
BRDA:434,102,1,0
BRDA:438,103,0,0
BRDA:438,103,1,0
BRDA:439,104,0,0
BRDA:439,104,1,0
BRDA:449,105,0,0
BRDA:449,105,1,0
BRDA:449,106,0,0
BRDA:449,106,1,0
BRDA:449,106,2,0
BRDA:452,107,0,0
BRDA:452,107,1,0
BRDA:452,108,0,0
BRDA:452,108,1,0
BRDA:454,109,0,0
BRDA:454,109,1,0
BRDA:455,110,0,0
BRDA:455,110,1,0
BRDA:455,111,0,0
BRDA:455,111,1,0
BRDA:455,112,0,0
BRDA:455,112,1,0
BRDA:460,113,0,0
BRDA:460,113,1,0
BRDA:461,114,0,0
BRDA:461,114,1,0
BRDA:461,115,0,0
BRDA:461,115,1,0
BRDA:461,116,0,0
BRDA:461,116,1,0
BRDA:463,117,0,0
BRDA:463,117,1,0
BRDA:463,117,2,0
BRDA:467,118,0,0
BRDA:467,118,1,0
BRDA:468,119,0,0
BRDA:468,119,1,0
BRDA:468,120,0,0
BRDA:468,120,1,0
BRDA:468,121,0,0
BRDA:468,121,1,0
BRDA:476,122,0,0
BRDA:476,122,1,0
BRDA:476,123,0,0
BRDA:476,123,1,0
BRDA:478,124,0,0
BRDA:478,124,1,0
BRDA:478,125,0,0
BRDA:478,125,1,0
BRDA:485,126,0,0
BRDA:485,126,1,0
BRDA:487,127,0,0
BRDA:487,127,1,0
BRDA:488,128,0,0
BRDA:488,128,1,0
BRDA:488,129,0,0
BRDA:488,129,1,0
BRDA:496,130,0,0
BRDA:496,130,1,0
BRDA:496,131,0,0
BRDA:496,131,1,0
BRDA:498,132,0,0
BRDA:498,132,1,0
BRDA:499,133,0,0
BRDA:499,133,1,0
BRDA:499,134,0,0
BRDA:499,134,1,0
BRDA:507,135,0,0
BRDA:507,135,1,0
BRDA:509,136,0,0
BRDA:509,136,1,0
BRDA:511,137,0,0
BRDA:511,137,1,0
BRDA:511,138,0,0
BRDA:511,138,1,0
BRDA:514,139,0,0
BRDA:514,139,1,0
BRDA:515,140,0,0
BRDA:515,140,1,0
BRDA:517,141,0,0
BRDA:517,141,1,0
BRDA:520,142,0,0
BRDA:520,142,1,0
BRDA:524,143,0,0
BRDA:524,143,1,0
BRDA:526,144,0,0
BRDA:526,144,1,0
BRDA:528,145,0,0
BRDA:528,145,1,0
BRDA:531,146,0,0
BRDA:531,146,1,0
BRDA:533,147,0,0
BRDA:533,147,1,0
BRDA:538,148,0,0
BRDA:538,148,1,0
BRDA:538,148,2,0
BRDA:543,149,0,0
BRDA:543,149,1,0
BRDA:543,150,0,0
BRDA:543,150,1,0
BRDA:543,150,2,0
BRDA:543,150,3,0
BRDA:550,151,0,0
BRDA:550,151,1,0
BRDA:557,152,0,0
BRDA:557,152,1,0
BRDA:558,153,0,0
BRDA:558,153,1,0
BRDA:558,154,0,0
BRDA:558,154,1,0
BRDA:558,154,2,0
BRDA:567,155,0,0
BRDA:567,155,1,0
BRDA:567,156,0,0
BRDA:567,156,1,0
BRDA:567,156,2,0
BRDA:575,157,0,0
BRDA:575,157,1,0
BRDA:576,158,0,0
BRDA:576,158,1,0
BRDA:576,159,0,0
BRDA:576,159,1,0
BRDA:577,160,0,0
BRDA:577,160,1,0
BRDA:577,161,0,0
BRDA:577,161,1,0
BRDA:578,162,0,0
BRDA:578,162,1,0
BRDA:578,163,0,0
BRDA:578,163,1,0
BRDA:580,164,0,0
BRDA:580,164,1,0
BRDA:583,165,0,0
BRDA:583,165,1,0
BRDA:585,166,0,0
BRDA:585,166,1,0
BRDA:587,167,0,0
BRDA:587,167,1,0
BRDA:598,168,0,0
BRDA:598,168,1,0
BRDA:599,169,0,0
BRDA:599,169,1,0
BRDA:600,170,0,0
BRDA:600,170,1,0
BRDA:605,171,0,0
BRDA:605,171,1,0
BRDA:605,172,0,0
BRDA:605,172,1,0
BRDA:614,173,0,0
BRDA:614,173,1,0
BRDA:615,174,0,0
BRDA:615,174,1,0
BRDA:616,175,0,0
BRDA:616,175,1,0
BRDA:628,176,0,0
BRDA:628,176,1,0
BRDA:630,177,0,0
BRDA:630,177,1,0
BRDA:630,178,0,0
BRDA:630,178,1,0
BRDA:631,179,0,0
BRDA:631,179,1,0
BRDA:631,179,2,0
BRDA:632,180,0,0
BRDA:632,180,1,0
BRDA:632,181,0,0
BRDA:632,181,1,0
BRDA:635,182,0,0
BRDA:635,182,1,0
BRDA:635,183,0,0
BRDA:635,183,1,0
BRDA:637,184,0,0
BRDA:637,184,1,0
BRDA:639,185,0,0
BRDA:639,185,1,0
BRDA:653,186,0,0
BRDA:653,186,1,0
BRDA:655,187,0,0
BRDA:655,187,1,0
BRDA:657,188,0,0
BRDA:657,188,1,0
BRDA:658,189,0,0
BRDA:658,189,1,0
BRDA:664,190,0,0
BRDA:664,190,1,0
BRDA:665,191,0,0
BRDA:665,191,1,0
BRDA:667,192,0,0
BRDA:667,192,1,0
BRDA:667,192,2,0
BRDA:667,192,3,0
BRDA:672,193,0,0
BRDA:672,193,1,0
BRDA:673,194,0,0
BRDA:673,194,1,0
BRDA:676,195,0,0
BRDA:676,195,1,0
BRDA:682,196,0,0
BRDA:682,196,1,0
BRDA:682,197,0,0
BRDA:682,197,1,0
BRDA:691,198,0,0
BRDA:691,198,1,0
BRDA:696,199,0,0
BRDA:696,199,1,0
BRDA:697,200,0,0
BRDA:697,200,1,0
BRDA:706,201,0,0
BRDA:706,201,1,0
BRDA:714,202,0,0
BRDA:714,202,1,0
BRDA:716,203,0,0
BRDA:716,203,1,0
BRDA:716,204,0,0
BRDA:716,204,1,0
BRDA:717,205,0,0
BRDA:717,205,1,0
BRDA:717,206,0,0
BRDA:717,206,1,0
BRDA:718,207,0,0
BRDA:718,207,1,0
BRDA:720,208,0,0
BRDA:720,208,1,0
BRDA:723,209,0,0
BRDA:723,209,1,0
BRDA:726,210,0,0
BRDA:726,210,1,0
BRDA:726,211,0,0
BRDA:726,211,1,0
BRDA:726,211,2,0
BRDA:726,211,3,0
BRDA:735,212,0,0
BRDA:735,212,1,0
BRDA:736,213,0,0
BRDA:736,213,1,0
BRDA:745,214,0,0
BRDA:745,214,1,0
BRDA:747,215,0,0
BRDA:747,215,1,0
BRDA:747,216,0,0
BRDA:747,216,1,0
BRDA:748,217,0,0
BRDA:748,217,1,0
BRDA:748,218,0,0
BRDA:748,218,1,0
BRDA:749,219,0,0
BRDA:749,219,1,0
BRDA:750,220,0,0
BRDA:750,220,1,0
BRDA:753,221,0,0
BRDA:753,221,1,0
BRDA:753,222,0,0
BRDA:753,222,1,0
BRDA:753,222,2,0
BRDA:753,222,3,0
BRDA:757,223,0,0
BRDA:757,223,1,0
BRDA:774,224,0,0
BRDA:774,224,1,0
BRDA:777,225,0,0
BRDA:777,225,1,0
BRDA:778,226,0,0
BRDA:778,226,1,0
BRDA:778,227,0,0
BRDA:778,227,1,0
BRDA:781,228,0,0
BRDA:781,228,1,0
BRDA:787,229,0,0
BRDA:787,229,1,0
BRDA:789,230,0,0
BRDA:789,230,1,0
BRDA:795,231,0,0
BRDA:795,231,1,0
BRDA:796,232,0,0
BRDA:796,232,1,0
BRDA:796,233,0,0
BRDA:796,233,1,0
BRDA:799,234,0,0
BRDA:799,234,1,0
BRDA:801,235,0,0
BRDA:801,235,1,0
BRDA:808,236,0,0
BRDA:808,236,1,0
BRDA:811,237,0,0
BRDA:811,237,1,0
BRDA:812,238,0,0
BRDA:812,238,1,0
BRDA:814,239,0,0
BRDA:814,239,1,0
BRDA:821,240,0,0
BRDA:821,240,1,0
BRDA:821,241,0,0
BRDA:821,241,1,0
BRDA:822,242,0,0
BRDA:822,242,1,0
BRDA:822,243,0,0
BRDA:822,243,1,0
BRDA:823,244,0,0
BRDA:823,244,1,0
BRDA:824,245,0,0
BRDA:824,245,1,0
BRDA:824,246,0,0
BRDA:824,246,1,0
BRDA:825,247,0,0
BRDA:825,247,1,0
BRDA:825,248,0,0
BRDA:825,248,1,0
BRDA:825,248,2,0
BRDA:826,249,0,0
BRDA:826,249,1,0
BRDA:826,249,2,0
BRDA:828,250,0,0
BRDA:828,250,1,0
BRDA:829,251,0,0
BRDA:829,251,1,0
BRDA:837,252,0,0
BRDA:837,252,1,0
BRDA:839,253,0,0
BRDA:839,253,1,0
BRDA:840,254,0,0
BRDA:840,254,1,0
BRDA:841,255,0,0
BRDA:841,255,1,0
BRDA:841,256,0,0
BRDA:841,256,1,0
BRDA:845,257,0,0
BRDA:845,257,1,0
BRDA:846,258,0,0
BRDA:846,258,1,0
BRDA:848,259,0,0
BRDA:848,259,1,0
BRDA:849,260,0,0
BRDA:849,260,1,0
BRDA:849,260,2,0
BRDA:853,261,0,0
BRDA:853,261,1,0
BRDA:854,262,0,0
BRDA:854,262,1,0
BRDA:860,263,0,0
BRDA:860,263,1,0
BRDA:863,264,0,0
BRDA:863,264,1,0
BRDA:864,265,0,0
BRDA:864,265,1,0
BRDA:865,266,0,0
BRDA:865,266,1,0
BRDA:865,267,0,0
BRDA:865,267,1,0
BRDA:866,268,0,0
BRDA:866,268,1,0
BRDA:866,269,0,0
BRDA:866,269,1,0
BRDA:867,270,0,0
BRDA:867,270,1,0
BRDA:869,271,0,0
BRDA:869,271,1,0
BRDA:871,272,0,0
BRDA:871,272,1,0
BRDA:872,273,0,0
BRDA:872,273,1,0
BRDA:873,274,0,0
BRDA:873,274,1,0
BRDA:880,275,0,0
BRDA:880,275,1,0
BRDA:880,276,0,0
BRDA:880,276,1,0
BRDA:882,277,0,0
BRDA:882,277,1,0
BRDA:885,278,0,0
BRDA:885,278,1,0
BRDA:885,279,0,0
BRDA:885,279,1,0
BRDA:885,279,2,0
BRDA:886,280,0,0
BRDA:886,280,1,0
BRDA:887,281,0,0
BRDA:887,281,1,0
BRDA:887,282,0,0
BRDA:887,282,1,0
BRDA:893,283,0,0
BRDA:893,283,1,0
BRDA:896,284,0,0
BRDA:896,284,1,0
BRDA:903,285,0,0
BRDA:903,285,1,0
BRDA:905,286,0,0
BRDA:905,286,1,0
BRDA:906,287,0,0
BRDA:906,287,1,0
BRDA:908,288,0,0
BRDA:908,288,1,0
BRDA:913,289,0,0
BRDA:913,289,1,0
BRDA:914,290,0,0
BRDA:914,290,1,0
BRDA:917,291,0,0
BRDA:917,291,1,0
BRDA:917,292,0,0
BRDA:917,292,1,0
BRDA:917,292,2,0
BRDA:927,293,0,0
BRDA:927,293,1,0
BRDA:928,294,0,0
BRDA:928,294,1,0
BRDA:928,295,0,0
BRDA:928,295,1,0
BRDA:930,296,0,0
BRDA:930,296,1,0
BRDA:930,296,2,0
BRDA:930,296,3,0
BRDA:930,296,4,0
BRDA:932,297,0,0
BRDA:932,297,1,0
BRDA:932,298,0,0
BRDA:932,298,1,0
BRDA:933,299,0,0
BRDA:933,299,1,0
BRDA:935,300,0,0
BRDA:935,300,1,0
BRDA:935,300,2,0
BRDA:940,301,0,0
BRDA:940,301,1,0
BRDA:940,302,0,0
BRDA:940,302,1,0
BRDA:940,302,2,0
BRDA:940,302,3,0
BRDA:940,302,4,0
BRDA:940,302,5,0
BRDA:944,303,0,0
BRDA:944,303,1,0
BRDA:953,304,0,0
BRDA:953,304,1,0
BRDA:957,305,0,0
BRDA:957,305,1,0
BRDA:957,306,0,0
BRDA:957,306,1,0
BRDA:965,307,0,0
BRDA:965,307,1,0
BRDA:974,308,0,0
BRDA:974,308,1,0
BRDA:995,309,0,0
BRDA:995,309,1,0
BRDA:997,310,0,0
BRDA:997,310,1,0
BRDA:997,310,2,0
BRDA:997,310,3,0
BRDA:997,310,4,0
BRDA:1001,311,0,0
BRDA:1001,311,1,0
BRDA:1001,312,0,0
BRDA:1001,312,1,0
BRDA:1002,313,0,0
BRDA:1002,313,1,0
BRDA:1005,314,0,0
BRDA:1005,314,1,0
BRDA:1007,315,0,0
BRDA:1007,315,1,0
BRDA:1011,316,0,0
BRDA:1011,316,1,0
BRDA:1011,317,0,0
BRDA:1011,317,1,0
BRDA:1014,318,0,0
BRDA:1014,318,1,0
BRDA:1014,319,0,0
BRDA:1014,319,1,0
BRDA:1015,320,0,0
BRDA:1015,320,1,0
BRDA:1016,321,0,0
BRDA:1016,321,1,0
BRDA:1016,322,0,0
BRDA:1016,322,1,0
BRDA:1016,322,2,0
BRDA:1017,323,0,0
BRDA:1017,323,1,0
BRDA:1017,324,0,0
BRDA:1017,324,1,0
BRDA:1018,325,0,0
BRDA:1018,325,1,0
BRDA:1018,326,0,0
BRDA:1018,326,1,0
BRDA:1019,327,0,0
BRDA:1019,327,1,0
BRDA:1020,328,0,0
BRDA:1020,328,1,0
BRDA:1021,329,0,0
BRDA:1021,329,1,0
BRDA:1021,330,0,0
BRDA:1021,330,1,0
BRDA:1023,331,0,0
BRDA:1023,331,1,0
BRDA:1023,331,2,0
BRDA:1026,332,0,0
BRDA:1026,332,1,0
BRDA:1026,332,2,0
BRDA:1027,333,0,0
BRDA:1027,333,1,0
BRDA:1027,333,2,0
BRDA:1027,333,3,0
BRDA:1028,334,0,0
BRDA:1028,334,1,0
BRDA:1030,335,0,0
BRDA:1030,335,1,0
BRDA:1033,336,0,0
BRDA:1033,336,1,0
BRDA:1033,336,2,0
BRDA:1033,336,3,0
BRDA:1034,337,0,0
BRDA:1034,337,1,0
BRDA:1036,338,0,0
BRDA:1036,338,1,0
BRDA:1038,339,0,0
BRDA:1038,339,1,0
BRDA:1038,340,0,0
BRDA:1038,340,1,0
BRDA:1041,341,0,0
BRDA:1041,341,1,0
BRDA:1043,342,0,0
BRDA:1043,342,1,0
BRDA:1045,343,0,0
BRDA:1045,343,1,0
BRDA:1047,344,0,0
BRDA:1047,344,1,0
BRDA:1047,345,0,0
BRDA:1047,345,1,0
BRDA:1051,346,0,0
BRDA:1051,346,1,0
BRDA:1051,346,2,0
BRDA:1051,346,3,0
BRDA:1054,347,0,0
BRDA:1054,347,1,0
BRDA:1055,348,0,0
BRDA:1055,348,1,0
BRDA:1062,349,0,0
BRDA:1062,349,1,0
BRDA:1082,350,0,0
BRDA:1082,350,1,0
BRDA:1086,351,0,0
BRDA:1086,351,1,0
BRDA:1090,352,0,0
BRDA:1090,352,1,0
BRDA:1096,353,0,0
BRDA:1096,353,1,0
BRDA:1096,353,2,0
BRDA:1096,353,3,0
BRDA:1098,354,0,0
BRDA:1098,354,1,0
BRDA:1099,355,0,0
BRDA:1099,355,1,0
BRDA:1100,356,0,0
BRDA:1100,356,1,0
BRDA:1101,357,0,0
BRDA:1101,357,1,0
BRDA:1110,358,0,0
BRDA:1110,358,1,0
BRDA:1120,359,0,0
BRDA:1120,359,1,0
BRDA:1122,360,0,0
BRDA:1122,360,1,0
BRDA:1126,361,0,0
BRDA:1126,361,1,0
BRDA:1134,362,0,0
BRDA:1134,362,1,0
BRDA:1147,363,0,0
BRDA:1147,363,1,0
BRDA:1147,364,0,0
BRDA:1147,364,1,0
BRDA:1147,364,2,0
BRDA:1149,365,0,0
BRDA:1149,365,1,0
BRDA:1152,366,0,0
BRDA:1152,366,1,0
BRDA:1152,366,2,0
BRDA:1152,366,3,0
BRDA:1152,366,4,0
BRDA:1157,367,0,0
BRDA:1157,367,1,0
BRDA:1157,367,2,0
BRDA:1157,367,3,0
BRDA:1160,368,0,0
BRDA:1160,368,1,0
BRDA:1162,369,0,0
BRDA:1162,369,1,0
BRDA:1165,370,0,0
BRDA:1165,370,1,0
BRDA:1167,371,0,0
BRDA:1167,371,1,0
BRDA:1172,372,0,0
BRDA:1172,372,1,0
BRDA:1178,373,0,0
BRDA:1178,373,1,0
BRDA:1179,374,0,0
BRDA:1179,374,1,0
BRDA:1180,375,0,0
BRDA:1180,375,1,0
BRDA:1181,376,0,0
BRDA:1181,376,1,0
BRDA:1181,377,0,0
BRDA:1181,377,1,0
BRDA:1183,378,0,0
BRDA:1183,378,1,0
BRDA:1185,379,0,0
BRDA:1185,379,1,0
BRDA:1185,380,0,0
BRDA:1185,380,1,0
BRDA:1188,381,0,0
BRDA:1188,381,1,0
BRDA:1188,381,2,0
BRDA:1188,381,3,0
BRDA:1203,382,0,0
BRDA:1203,382,1,0
BRDA:1205,383,0,0
BRDA:1205,383,1,0
BRDA:1207,384,0,0
BRDA:1207,384,1,0
BRDA:1207,385,0,0
BRDA:1207,385,1,0
BRDA:1208,386,0,0
BRDA:1208,386,1,0
BRDA:1208,387,0,0
BRDA:1208,387,1,0
BRDA:1209,388,0,0
BRDA:1209,388,1,0
BRDA:1210,389,0,0
BRDA:1210,389,1,0
BRDA:1201,390,0,0
BRDA:1201,390,1,0
BRDA:1201,391,0,0
BRDA:1201,391,1,0
BRDA:1215,392,0,0
BRDA:1215,392,1,0
BRDA:1217,393,0,0
BRDA:1217,393,1,0
BRDA:1217,393,2,0
BRDA:1221,394,0,0
BRDA:1221,394,1,0
BRDA:1231,395,0,0
BRDA:1231,395,1,0
BRDA:1233,396,0,0
BRDA:1233,396,1,0
BRDA:1234,397,0,0
BRDA:1234,397,1,0
BRDA:1236,398,0,0
BRDA:1236,398,1,0
BRDA:1236,399,0,0
BRDA:1236,399,1,0
BRDA:1252,400,0,0
BRDA:1252,400,1,0
BRDA:1252,401,0,0
BRDA:1252,401,1,0
BRDA:1252,402,0,0
BRDA:1252,402,1,0
BRDA:1253,403,0,0
BRDA:1253,403,1,0
BRDA:1254,404,0,0
BRDA:1254,404,1,0
BRDA:1254,405,0,0
BRDA:1254,405,1,0
BRDA:1257,406,0,0
BRDA:1257,406,1,0
BRDA:1257,406,2,0
BRDA:1258,407,0,0
BRDA:1258,407,1,0
BRDA:1260,408,0,0
BRDA:1260,408,1,0
BRDA:1261,409,0,0
BRDA:1261,409,1,0
BRDA:1280,410,0,0
BRDA:1280,410,1,0
BRDA:1289,411,0,0
BRDA:1289,411,1,0
BRDA:1291,412,0,0
BRDA:1291,412,1,0
BRDA:1292,413,0,0
BRDA:1292,413,1,0
BRDA:1299,414,0,0
BRDA:1299,414,1,0
BRDA:1302,415,0,0
BRDA:1302,415,1,0
BRDA:1302,415,2,0
BRDA:1314,416,0,0
BRDA:1314,416,1,0
BRDA:1315,417,0,0
BRDA:1315,417,1,0
BRDA:1315,418,0,0
BRDA:1315,418,1,0
BRDA:1316,419,0,0
BRDA:1316,419,1,0
BRDA:1317,420,0,0
BRDA:1317,420,1,0
BRDA:1323,421,0,0
BRDA:1323,421,1,0
BRDA:1331,422,0,0
BRDA:1331,422,1,0
BRDA:1331,422,2,0
BRDA:1342,423,0,0
BRDA:1342,423,1,0
BRDA:1350,424,0,0
BRDA:1350,424,1,0
BRDA:1350,424,2,0
BRDA:1362,425,0,0
BRDA:1362,425,1,0
BRDA:1363,426,0,0
BRDA:1363,426,1,0
BRDA:1363,427,0,0
BRDA:1363,427,1,0
BRDA:1364,428,0,0
BRDA:1364,428,1,0
BRDA:1365,429,0,0
BRDA:1365,429,1,0
BRDA:1372,430,0,0
BRDA:1372,430,1,0
BRDA:1381,431,0,0
BRDA:1381,431,1,0
BRDA:1381,431,2,0
BRDA:1387,432,0,0
BRDA:1387,432,1,0
BRDA:1387,432,2,0
BRDA:1413,433,0,0
BRDA:1413,433,1,0
BRDA:1427,434,0,0
BRDA:1427,434,1,0
BRDA:1427,435,0,0
BRDA:1427,435,1,0
BRDA:1430,436,0,0
BRDA:1430,436,1,0
BRDA:1430,437,0,0
BRDA:1430,437,1,0
BRDA:1434,438,0,0
BRDA:1434,438,1,0
BRDA:1436,439,0,0
BRDA:1436,439,1,0
BRDA:1464,440,0,0
BRDA:1464,440,1,0
BRDA:1467,441,0,0
BRDA:1467,441,1,0
BRDA:1467,442,0,0
BRDA:1467,442,1,0
BRF:947
BRH:0
end_of_record
TN:
SF:src\app\views\TeacherView.jsx
FN:15,resolveAssetsPath
FN:18,(anonymous_1)
FN:22,getFileType
FN:29,decodeSessionFiles
FN:31,(anonymous_4)
FN:37,parseScratchState
FN:43,cloneFiles
FN:44,(anonymous_7)
FN:47,cloneScratchState
FN:52,TeacherView
FN:79,(anonymous_10)
FN:82,(anonymous_11)
FN:83,(anonymous_12)
FN:84,(anonymous_13)
FN:88,(anonymous_14)
FN:94,(anonymous_15)
FN:101,loadCurrentTaskContent
FN:103,(anonymous_17)
FN:122,getSandboxStarterCode
FN:123,(anonymous_19)
FN:131,getSandboxStarterFiles
FN:132,(anonymous_21)
FN:141,getSandboxStarterScratch
FN:142,(anonymous_23)
FN:151,getSandboxConfiguredCode
FN:152,(anonymous_25)
FN:156,getSandboxConfiguredFiles
FN:157,(anonymous_27)
FN:162,getSandboxConfiguredScratch
FN:163,(anonymous_29)
FN:170,(anonymous_30)
FN:177,(anonymous_31)
FN:192,(anonymous_32)
FN:196,handleTaskChange
FN:201,handleEnterSandbox
FN:214,handleCancelSandbox
FN:219,handleGoLiveSandbox
FN:233,handlePushScratchSandbox
FN:238,handleResetSandboxStarter
FN:258,handleDeactivateSandbox
FN:267,handleEndSession
FN:273,buildStudentLivePayload
FN:274,(anonymous_42)
FN:277,(anonymous_43)
FN:297,handleGoLiveForMe
FN:302,handleGoLiveForAll
FN:307,handleStopStudentLive
FN:312,getLessonLinks
FN:320,handleCopyLink
FN:322,(anonymous_49)
FN:324,(anonymous_50)
FN:327,handleOpenPresentationWindow
FN:335,(anonymous_52)
FN:338,(anonymous_53)
FN:357,(anonymous_54)
FN:358,(anonymous_55)
FN:359,(anonymous_56)
FN:366,(anonymous_57)
FN:371,(anonymous_58)
FN:372,(anonymous_59)
FN:373,(anonymous_60)
FN:395,(anonymous_61)
FN:395,(anonymous_62)
FN:401,(anonymous_63)
FN:404,(anonymous_64)
FN:417,(anonymous_65)
FN:437,(anonymous_66)
FN:443,(anonymous_67)
FN:471,(anonymous_68)
FN:471,(anonymous_69)
FN:530,(anonymous_70)
FN:531,(anonymous_71)
FN:536,(anonymous_72)
FN:556,(anonymous_73)
FN:568,(anonymous_74)
FN:569,(anonymous_75)
FN:577,(anonymous_76)
FN:578,(anonymous_77)
FN:579,(anonymous_78)
FN:608,(anonymous_79)
FN:608,(anonymous_80)
FN:614,(anonymous_81)
FN:615,(anonymous_82)
FN:624,(anonymous_83)
FN:631,(anonymous_84)
FN:638,(anonymous_85)
FN:650,TeacherCodeTabs
FNF:87
FNH:0
FNDA:0,resolveAssetsPath
FNDA:0,(anonymous_1)
FNDA:0,getFileType
FNDA:0,decodeSessionFiles
FNDA:0,(anonymous_4)
FNDA:0,parseScratchState
FNDA:0,cloneFiles
FNDA:0,(anonymous_7)
FNDA:0,cloneScratchState
FNDA:0,TeacherView
FNDA:0,(anonymous_10)
FNDA:0,(anonymous_11)
FNDA:0,(anonymous_12)
FNDA:0,(anonymous_13)
FNDA:0,(anonymous_14)
FNDA:0,(anonymous_15)
FNDA:0,loadCurrentTaskContent
FNDA:0,(anonymous_17)
FNDA:0,getSandboxStarterCode
FNDA:0,(anonymous_19)
FNDA:0,getSandboxStarterFiles
FNDA:0,(anonymous_21)
FNDA:0,getSandboxStarterScratch
FNDA:0,(anonymous_23)
FNDA:0,getSandboxConfiguredCode
FNDA:0,(anonymous_25)
FNDA:0,getSandboxConfiguredFiles
FNDA:0,(anonymous_27)
FNDA:0,getSandboxConfiguredScratch
FNDA:0,(anonymous_29)
FNDA:0,(anonymous_30)
FNDA:0,(anonymous_31)
FNDA:0,(anonymous_32)
FNDA:0,handleTaskChange
FNDA:0,handleEnterSandbox
FNDA:0,handleCancelSandbox
FNDA:0,handleGoLiveSandbox
FNDA:0,handlePushScratchSandbox
FNDA:0,handleResetSandboxStarter
FNDA:0,handleDeactivateSandbox
FNDA:0,handleEndSession
FNDA:0,buildStudentLivePayload
FNDA:0,(anonymous_42)
FNDA:0,(anonymous_43)
FNDA:0,handleGoLiveForMe
FNDA:0,handleGoLiveForAll
FNDA:0,handleStopStudentLive
FNDA:0,getLessonLinks
FNDA:0,handleCopyLink
FNDA:0,(anonymous_49)
FNDA:0,(anonymous_50)
FNDA:0,handleOpenPresentationWindow
FNDA:0,(anonymous_52)
FNDA:0,(anonymous_53)
FNDA:0,(anonymous_54)
FNDA:0,(anonymous_55)
FNDA:0,(anonymous_56)
FNDA:0,(anonymous_57)
FNDA:0,(anonymous_58)
FNDA:0,(anonymous_59)
FNDA:0,(anonymous_60)
FNDA:0,(anonymous_61)
FNDA:0,(anonymous_62)
FNDA:0,(anonymous_63)
FNDA:0,(anonymous_64)
FNDA:0,(anonymous_65)
FNDA:0,(anonymous_66)
FNDA:0,(anonymous_67)
FNDA:0,(anonymous_68)
FNDA:0,(anonymous_69)
FNDA:0,(anonymous_70)
FNDA:0,(anonymous_71)
FNDA:0,(anonymous_72)
FNDA:0,(anonymous_73)
FNDA:0,(anonymous_74)
FNDA:0,(anonymous_75)
FNDA:0,(anonymous_76)
FNDA:0,(anonymous_77)
FNDA:0,(anonymous_78)
FNDA:0,(anonymous_79)
FNDA:0,(anonymous_80)
FNDA:0,(anonymous_81)
FNDA:0,(anonymous_82)
FNDA:0,(anonymous_83)
FNDA:0,(anonymous_84)
FNDA:0,(anonymous_85)
FNDA:0,TeacherCodeTabs
DA:16,0
DA:17,0
DA:18,0
DA:19,0
DA:23,0
DA:24,0
DA:25,0
DA:26,0
DA:30,0
DA:31,0
DA:32,0
DA:33,0
DA:38,0
DA:39,0
DA:40,0
DA:44,0
DA:48,0
DA:49,0
DA:53,0
DA:58,0
DA:61,0
DA:62,0
DA:63,0
DA:64,0
DA:65,0
DA:66,0
DA:67,0
DA:68,0
DA:69,0
DA:70,0
DA:71,0
DA:72,0
DA:73,0
DA:74,0
DA:75,0
DA:76,0
DA:79,0
DA:80,0
DA:81,0
DA:82,0
DA:83,0
DA:84,0
DA:88,0
DA:89,0
DA:90,0
DA:94,0
DA:95,0
DA:96,0
DA:97,0
DA:102,0
DA:103,0
DA:104,0
DA:105,0
DA:106,0
DA:107,0
DA:108,0
DA:109,0
DA:111,0
DA:112,0
DA:113,0
DA:114,0
DA:116,0
DA:117,0
DA:118,0
DA:123,0
DA:124,0
DA:125,0
DA:126,0
DA:127,0
DA:128,0
DA:132,0
DA:133,0
DA:134,0
DA:135,0
DA:136,0
DA:137,0
DA:138,0
DA:142,0
DA:143,0
DA:144,0
DA:145,0
DA:147,0
DA:148,0
DA:152,0
DA:153,0
DA:157,0
DA:158,0
DA:159,0
DA:163,0
DA:164,0
DA:165,0
DA:170,0
DA:171,0
DA:172,0
DA:177,0
DA:178,0
DA:179,0
DA:180,0
DA:181,0
DA:182,0
DA:184,0
DA:185,0
DA:186,0
DA:192,0
DA:193,0
DA:197,0
DA:198,0
DA:202,0
DA:203,0
DA:204,0
DA:205,0
DA:207,0
DA:208,0
DA:209,0
DA:211,0
DA:215,0
DA:216,0
DA:220,0
DA:221,0
DA:222,0
DA:223,0
DA:224,0
DA:225,0
DA:227,0
DA:228,0
DA:230,0
DA:234,0
DA:235,0
DA:239,0
DA:240,0
DA:241,0
DA:242,0
DA:243,0
DA:244,0
DA:245,0
DA:246,0
DA:247,0
DA:248,0
DA:250,0
DA:251,0
DA:252,0
DA:253,0
DA:254,0
DA:259,0
DA:260,0
DA:261,0
DA:262,0
DA:263,0
DA:264,0
DA:268,0
DA:269,0
DA:270,0
DA:274,0
DA:275,0
DA:277,0
DA:281,0
DA:298,0
DA:299,0
DA:303,0
DA:304,0
DA:308,0
DA:309,0
DA:313,0
DA:314,0
DA:321,0
DA:322,0
DA:323,0
[...]
FNDA:4,(anonymous_9)
FNDA:5,evaluateCheckResults
FNDA:5,(anonymous_11)
FNDA:2,getFirstFailedCheckHint
FNDA:2,(anonymous_13)
FNDA:2,getIncorrectCheckHint
FNDA:2,(anonymous_15)
FNDA:2,evaluateCheckWithCode
FNDA:1,(anonymous_17)
FNDA:0,getElementText
FNDA:4,getVariableEntry
FNDA:3,parseVariableJson
FNDA:2,parseCheckValue
FNDA:2,valueEquals
FNDA:4,isPlainObject
FNDA:0,deepEqual
FNDA:0,(anonymous_25)
FNDA:0,(anonymous_26)
FNDA:0,normalizeTypeName
FNDA:20,wildcardContains
FNDA:9,wildcardEquals
FNDA:45,normalizeOutput
FNDA:18,normalizeExactOutput
FNDA:2,countOutputLines
DA:2,17
DA:3,19
DA:4,3
DA:7,1
DA:46,2
DA:50,7
DA:54,2
DA:55,2
DA:56,1
DA:60,47
DA:62,45
DA:63,0
DA:66,45
DA:67,3
DA:70,42
DA:71,1
DA:72,0
DA:75,41
DA:76,2
DA:79,39
DA:80,0
DA:81,0
DA:82,0
DA:83,0
DA:84,0
DA:85,0
DA:86,0
DA:89,39
DA:90,0
DA:91,0
DA:92,0
DA:93,0
DA:94,0
DA:95,0
DA:96,0
DA:97,0
DA:98,0
DA:101,39
DA:103,38
DA:104,3
DA:107,35
DA:108,0
DA:111,35
DA:112,0
DA:115,35
DA:116,0
DA:119,35
DA:120,6
DA:123,29
DA:124,0
DA:127,29
DA:128,0
DA:131,29
DA:132,3
DA:135,26
DA:136,2
DA:139,24
DA:140,3
DA:143,21
DA:144,2
DA:147,19
DA:148,0
DA:151,19
DA:152,0
DA:155,19
DA:156,0
DA:159,19
DA:160,1
DA:161,0
DA:164,18
DA:165,1
DA:166,0
DA:167,0
DA:168,0
DA:169,0
DA:170,0
DA:171,0
DA:174,17
DA:175,0
DA:176,0
DA:177,0
DA:178,0
DA:179,0
DA:180,0
DA:183,17
DA:184,0
DA:185,0
DA:186,0
DA:187,0
DA:188,0
DA:189,0
DA:192,17
DA:193,0
DA:194,0
DA:195,0
DA:196,0
DA:197,0
DA:198,0
DA:201,17
DA:202,0
DA:203,0
DA:204,0
DA:205,0
DA:206,0
DA:207,0
DA:210,17
DA:211,0
DA:212,0
DA:215,17
DA:216,2
DA:217,2
DA:220,15
DA:221,0
DA:222,0
DA:223,0
DA:224,0
DA:227,15
DA:228,0
DA:229,0
DA:232,15
DA:233,0
DA:234,0
DA:235,0
DA:238,15
DA:239,0
DA:240,0
DA:241,0
DA:242,0
DA:245,15
DA:246,0
DA:247,0
DA:250,15
DA:251,0
DA:252,0
DA:253,0
DA:254,0
DA:255,0
DA:258,15
DA:259,15
DA:260,15
DA:264,3
DA:265,3
DA:266,4
DA:270,5
DA:277,2
DA:278,2
DA:279,2
DA:285,2
DA:286,2
DA:287,2
DA:292,2
DA:293,2
DA:294,2
DA:295,1
DA:299,0
DA:300,0
DA:304,4
DA:305,1
DA:307,3
DA:308,3
DA:316,3
DA:317,3
DA:321,2
DA:322,2
DA:323,2
DA:324,2
DA:325,0
DA:326,0
DA:327,0
DA:328,0
DA:332,2
DA:333,2
DA:337,4
DA:341,0
DA:342,0
DA:343,0
DA:345,0
DA:346,0
DA:347,0
DA:348,0
DA:349,0
DA:350,0
DA:352,0
DA:356,0
DA:357,0
DA:371,0
DA:375,20
DA:376,1
DA:377,1
DA:381,9
DA:382,2
DA:383,2
DA:387,45
DA:391,18
DA:395,2
DA:396,2
DA:397,2
LF:197
LH:99
BRDA:2,0,0,2
BRDA:2,0,1,15
BRDA:3,1,0,12
BRDA:3,1,1,3
BRDA:55,2,0,1
BRDA:55,2,1,1
BRDA:59,3,0,47
BRDA:60,4,0,2
BRDA:60,4,1,45
BRDA:62,5,0,0
BRDA:62,5,1,45
BRDA:66,6,0,3
BRDA:66,6,1,42
BRDA:70,7,0,1
BRDA:70,7,1,41
BRDA:71,8,0,1
BRDA:71,8,1,0
BRDA:71,9,0,1
BRDA:71,9,1,0
BRDA:75,10,0,2
BRDA:75,10,1,39
BRDA:79,11,0,0
BRDA:79,11,1,39
BRDA:80,12,0,0
BRDA:80,12,1,0
BRDA:80,13,0,0
BRDA:80,13,1,0
BRDA:80,13,2,0
BRDA:83,14,0,0
BRDA:83,14,1,0
BRDA:83,15,0,0
BRDA:83,15,1,0
BRDA:84,16,0,0
BRDA:84,16,1,0
BRDA:84,17,0,0
BRDA:84,17,1,0
BRDA:85,18,0,0
BRDA:85,18,1,0
BRDA:89,19,0,0
BRDA:89,19,1,39
BRDA:90,20,0,0
BRDA:90,20,1,0
BRDA:90,21,0,0
BRDA:90,21,1,0
BRDA:90,21,2,0
BRDA:93,22,0,0
BRDA:93,22,1,0
BRDA:95,23,0,0
BRDA:95,23,1,0
BRDA:95,23,2,0
BRDA:96,24,0,0
BRDA:96,24,1,0
BRDA:96,25,0,0
BRDA:96,25,1,0
BRDA:101,26,0,1
BRDA:101,26,1,38
BRDA:103,27,0,3
BRDA:103,27,1,35
BRDA:104,28,0,3
BRDA:104,28,1,1
BRDA:107,29,0,0
BRDA:107,29,1,35
BRDA:108,30,0,0
BRDA:108,30,1,0
BRDA:111,31,0,0
BRDA:111,31,1,35
BRDA:112,32,0,0
BRDA:112,32,1,0
BRDA:115,33,0,0
BRDA:115,33,1,35
BRDA:116,34,0,0
BRDA:116,34,1,0
BRDA:119,35,0,6
BRDA:119,35,1,29
BRDA:123,36,0,0
BRDA:123,36,1,29
BRDA:127,37,0,0
BRDA:127,37,1,29
BRDA:131,38,0,3
BRDA:131,38,1,26
BRDA:135,39,0,2
BRDA:135,39,1,24
BRDA:139,40,0,3
BRDA:139,40,1,21
BRDA:140,41,0,3
BRDA:140,41,1,0
BRDA:143,42,0,2
BRDA:143,42,1,19
BRDA:144,43,0,2
BRDA:144,43,1,0
BRDA:147,44,0,0
BRDA:147,44,1,19
BRDA:148,45,0,0
BRDA:148,45,1,0
BRDA:151,46,0,0
BRDA:151,46,1,19
BRDA:152,47,0,0
BRDA:152,47,1,0
BRDA:155,48,0,0
BRDA:155,48,1,19
BRDA:156,49,0,0
BRDA:156,49,1,0
BRDA:159,50,0,1
BRDA:159,50,1,18
BRDA:160,51,0,1
BRDA:160,51,1,0
BRDA:160,52,0,1
BRDA:160,52,1,0
BRDA:164,53,0,1
BRDA:164,53,1,17
BRDA:165,54,0,1
BRDA:165,54,1,0
BRDA:165,55,0,1
BRDA:165,55,1,0
BRDA:168,56,0,0
BRDA:168,56,1,0
BRDA:174,57,0,0
BRDA:174,57,1,17
BRDA:175,58,0,0
BRDA:175,58,1,0
BRDA:175,59,0,0
BRDA:175,59,1,0
BRDA:178,60,0,0
BRDA:178,60,1,0
BRDA:183,61,0,0
BRDA:183,61,1,17
BRDA:184,62,0,0
BRDA:184,62,1,0
BRDA:184,63,0,0
BRDA:184,63,1,0
BRDA:187,64,0,0
BRDA:187,64,1,0
BRDA:192,65,0,0
BRDA:192,65,1,17
BRDA:193,66,0,0
BRDA:193,66,1,0
BRDA:193,67,0,0
BRDA:193,67,1,0
BRDA:196,68,0,0
BRDA:196,68,1,0
BRDA:201,69,0,0
BRDA:201,69,1,17
BRDA:202,70,0,0
BRDA:202,70,1,0
BRDA:202,71,0,0
BRDA:202,71,1,0
BRDA:205,72,0,0
BRDA:205,72,1,0
BRDA:210,73,0,0
BRDA:210,73,1,17
BRDA:212,74,0,0
BRDA:212,74,1,0
BRDA:215,75,0,2
BRDA:215,75,1,15
BRDA:217,76,0,2
BRDA:217,76,1,2
BRDA:220,77,0,0
BRDA:220,77,1,15
BRDA:222,78,0,0
BRDA:222,78,1,0
BRDA:222,79,0,0
BRDA:222,79,1,0
BRDA:227,80,0,0
BRDA:227,80,1,15
BRDA:229,81,0,0
BRDA:229,81,1,0
BRDA:229,81,2,0
BRDA:232,82,0,0
BRDA:232,82,1,15
BRDA:234,83,0,0
BRDA:234,83,1,0
BRDA:234,84,0,0
BRDA:234,84,1,0
BRDA:234,84,2,0
BRDA:238,85,0,0
BRDA:238,85,1,15
BRDA:240,86,0,0
BRDA:240,86,1,0
BRDA:240,87,0,0
BRDA:240,87,1,0
BRDA:245,88,0,0
BRDA:245,88,1,15
BRDA:247,89,0,0
BRDA:247,89,1,0
BRDA:247,89,2,0
BRDA:250,90,0,0
BRDA:250,90,1,15
BRDA:252,91,0,0
BRDA:252,91,1,0
BRDA:252,92,0,0
BRDA:252,92,1,0
BRDA:254,93,0,0
BRDA:254,93,1,0
BRDA:254,94,0,0
BRDA:254,94,1,0
BRDA:254,94,2,0
BRDA:263,95,0,3
BRDA:265,96,0,1
BRDA:265,96,1,2
BRDA:269,97,0,5
BRDA:276,98,0,2
BRDA:278,99,0,2
BRDA:278,99,1,1
BRDA:278,100,0,1
BRDA:278,100,1,0
BRDA:279,101,0,1
BRDA:279,101,1,1
BRDA:284,102,0,2
BRDA:286,103,0,2
BRDA:286,103,1,1
BRDA:286,104,0,1
BRDA:286,104,1,0
BRDA:287,105,0,1
BRDA:287,105,1,1
BRDA:293,106,0,0
BRDA:293,106,1,2
BRDA:294,107,0,1
BRDA:294,107,1,1
BRDA:300,108,0,0
BRDA:300,108,1,0
BRDA:300,109,0,0
BRDA:300,109,1,0
BRDA:304,110,0,1
BRDA:304,110,1,3
BRDA:304,111,0,4
BRDA:304,111,1,4
BRDA:304,111,2,4
BRDA:311,112,0,4
BRDA:311,112,1,0
BRDA:316,113,0,0
BRDA:316,113,1,3
BRDA:321,114,0,0
BRDA:321,114,1,2
BRDA:323,115,0,0
BRDA:323,115,1,2
BRDA:325,116,0,0
BRDA:325,116,1,0
BRDA:326,117,0,0
BRDA:326,117,1,0
BRDA:326,118,0,0
BRDA:326,118,1,0
BRDA:327,119,0,0
BRDA:327,119,1,0
BRDA:332,120,0,0
BRDA:332,120,1,2
BRDA:332,121,0,2
BRDA:332,121,1,2
BRDA:332,121,2,2
BRDA:332,121,3,2
BRDA:337,122,0,4
BRDA:337,122,1,4
BRDA:337,122,2,0
BRDA:341,123,0,0
BRDA:341,123,1,0
BRDA:341,124,0,0
BRDA:341,124,1,0
BRDA:342,125,0,0
BRDA:342,125,1,0
BRDA:342,126,0,0
BRDA:342,126,1,0
BRDA:342,126,2,0
BRDA:345,127,0,0
BRDA:345,127,1,0
BRDA:345,128,0,0
BRDA:345,128,1,0
BRDA:346,129,0,0
BRDA:346,129,1,0
BRDA:346,130,0,0
BRDA:346,130,1,0
BRDA:349,131,0,0
BRDA:349,131,1,0
BRDA:350,132,0,0
BRDA:350,132,1,0
BRDA:371,133,0,0
BRDA:371,133,1,0
BRDA:375,134,0,19
BRDA:375,134,1,1
BRDA:381,135,0,7
BRDA:381,135,1,2
BRDA:387,136,0,45
BRDA:387,136,1,0
BRDA:391,137,0,18
BRDA:391,137,1,0
BRDA:395,138,0,2
BRDA:395,138,1,0
BRDA:396,139,0,0
BRDA:396,139,1,2
BRF:287
BRH:112
end_of_record
TN:
SF:src\shared\codemirror.js
FN:76,getLanguageExtension
FN:86,getTabSize
FN:90,createBaseExtensions
FNF:3
FNH:3
FNDA:12,getLanguageExtension
FNDA:11,getTabSize
FNDA:6,createBaseExtensions
DA:20,1
DA:48,1
DA:70,1
DA:71,1
DA:72,1
DA:77,12
DA:78,5
DA:79,2
DA:80,2
DA:81,2
DA:82,1
DA:87,11
DA:91,6
LF:13
LH:13
BRDA:77,0,0,5
BRDA:77,0,1,2
BRDA:77,0,2,2
BRDA:77,0,3,2
BRDA:77,0,4,1
BRDA:87,1,0,4
BRDA:87,1,1,7
BRDA:90,2,0,6
BRDA:90,3,0,6
BRF:9
BRH:9
end_of_record
TN:
SF:src\shared\firebase.js
FNF:0
FNH:0
DA:4,0
DA:14,0
DA:15,0
LF:3
LH:0
BRF:0
BRH:0
end_of_record
TN:
SF:src\shared\iframe.js
FN:29,buildIframeSrc
FN:41,(anonymous_1)
FN:42,(anonymous_2)
FN:86,waitForIframeText
FN:88,(anonymous_4)
FN:89,(anonymous_5)
FN:94,handler
FN:106,getMime
FN:113,_injectSecurity
FNF:9
FNH:5
FNDA:18,buildIframeSrc
FNDA:16,(anonymous_1)
FNDA:2,(anonymous_2)
FNDA:0,waitForIframeText
FNDA:0,(anonymous_4)
FNDA:0,(anonymous_5)
FNDA:0,handler
FNDA:25,getMime
FNDA:15,_injectSecurity
DA:2,1
DA:19,1
DA:30,18
DA:33,16
DA:34,16
DA:35,25
DA:36,25
DA:37,25
DA:41,16
DA:42,2
DA:43,18
DA:46,15
DA:47,15
DA:48,24
DA:49,9
DA:50,9
DA:57,15
DA:58,2
DA:60,2
DA:62,2
DA:63,2
DA:64,2
DA:72,15
DA:73,15
DA:74,15
DA:77,15
DA:78,15
DA:87,0
DA:88,0
DA:89,0
DA:90,0
DA:91,0
DA:95,0
DA:96,0
DA:97,0
DA:98,0
DA:102,0
DA:107,25
DA:108,9
DA:109,4
DA:110,2
DA:117,15
DA:119,15
DA:122,15
DA:123,15
DA:124,3
DA:125,3
DA:127,12
DA:131,15
DA:132,15
DA:134,0
DA:137,15
LF:52
LH:41
BRDA:29,0,0,18
BRDA:29,1,0,18
BRDA:29,2,0,18
BRDA:29,3,0,18
BRDA:30,4,0,2
BRDA:30,4,1,16
BRDA:30,5,0,18
BRDA:30,5,1,17
BRDA:35,6,0,25
BRDA:35,6,1,5
BRDA:41,7,0,16
BRDA:41,7,1,2
BRDA:42,8,0,2
BRDA:42,8,1,1
BRDA:43,9,0,1
BRDA:43,9,1,17
BRDA:48,10,0,15
BRDA:48,10,1,9
BRDA:57,11,0,2
BRDA:57,11,1,13
BRDA:57,12,0,15
BRDA:57,12,1,2
BRDA:86,13,0,0
BRDA:95,14,0,0
BRDA:95,14,1,0
BRDA:95,15,0,0
BRDA:95,15,1,0
BRDA:98,16,0,0
BRDA:98,16,1,0
BRDA:107,17,0,16
BRDA:107,17,1,9
BRDA:107,18,0,25
BRDA:107,18,1,12
BRDA:108,19,0,5
BRDA:108,19,1,4
BRDA:108,20,0,9
BRDA:108,20,1,5
BRDA:109,21,0,2
BRDA:109,21,1,2
BRDA:109,22,0,4
BRDA:109,22,1,3
BRDA:123,23,0,3
BRDA:123,23,1,12
BRDA:131,24,0,15
BRDA:131,24,1,0
BRF:45
BRH:37
end_of_record
TN:
SF:src\shared\markdown.jsx
FN:25,darkenColor
FN:33,contrastTextColor
FN:42,categorize
FN:104,renderBlockText
FN:107,(anonymous_4)
FN:140,InlineScratchBlock
FN:172,ScratchBlock
FN:218,ScratchBlocks
FN:222,(anonymous_8)
FN:241,looksLikeScratchBlocks
FN:242,(anonymous_10)
FN:243,(anonymous_11)
FN:246,InlineHighlightedCode
FN:277,splitTableRow
FN:280,(anonymous_14)
FN:283,isTableSeparator
FN:285,(anonymous_16)
FN:288,getTableAlignment
FN:289,(anonymous_18)
FN:298,normalizeCells
FN:299,(anonymous_20)
FN:302,parseMarkdownTables
FN:308,(anonymous_22)
FN:344,InlineMarkdown
FN:357,MarkdownTable
FN:363,(anonymous_25)
FN:371,(anonymous_26)
FN:373,(anonymous_27)
FN:452,getTextFromChildren
FN:453,(anonymous_29)
FN:460,removeCalloutMarker
FN:462,(anonymous_31)
FN:469,(anonymous_32)
FN:472,(anonymous_33)
FN:480,(anonymous_34)
FN:484,(anonymous_35)
FN:488,(anonymous_36)
FN:492,(anonymous_37)
FN:496,(anonymous_38)
FN:536,(anonymous_39)
FN:575,(anonymous_40)
FN:578,(anonymous_41)
FN:581,(anonymous_42)
FN:584,(anonymous_43)
FN:587,(anonymous_44)
FN:609,(anonymous_45)
FN:612,(anonymous_46)
FN:617,MarkdownRenderer
FN:632,(anonymous_48)
FNF:49
FNH:31
FNDA:0,darkenColor
FNDA:0,contrastTextColor
FNDA:2,categorize
FNDA:0,renderBlockText
FNDA:0,(anonymous_4)
FNDA:0,InlineScratchBlock
FNDA:0,ScratchBlock
FNDA:0,ScratchBlocks
FNDA:0,(anonymous_8)
FNDA:0,looksLikeScratchBlocks
FNDA:0,(anonymous_10)
FNDA:0,(anonymous_11)
FNDA:0,InlineHighlightedCode
FNDA:5,splitTableRow
FNDA:10,(anonymous_14)
FNDA:1,isTableSeparator
FNDA:2,(anonymous_16)
FNDA:1,getTableAlignment
FNDA:2,(anonymous_18)
FNDA:4,normalizeCells
FNDA:8,(anonymous_20)
FNDA:16,parseMarkdownTables
FNDA:17,(anonymous_22)
FNDA:12,InlineMarkdown
FNDA:1,MarkdownTable
FNDA:2,(anonymous_25)
FNDA:2,(anonymous_26)
FNDA:4,(anonymous_27)
FNDA:2,getTextFromChildren
FNDA:4,(anonymous_29)
FNDA:0,removeCalloutMarker
FNDA:0,(anonymous_31)
FNDA:0,(anonymous_32)
FNDA:0,(anonymous_33)
FNDA:1,(anonymous_34)
FNDA:1,(anonymous_35)
FNDA:0,(anonymous_36)
FNDA:0,(anonymous_37)
FNDA:3,(anonymous_38)
FNDA:1,(anonymous_39)
FNDA:8,(anonymous_40)
FNDA:1,(anonymous_41)
FNDA:1,(anonymous_42)
FNDA:6,(anonymous_43)
FNDA:1,(anonymous_44)
FNDA:3,(anonymous_45)
FNDA:2,(anonymous_46)
FNDA:16,MarkdownRenderer
FNDA:16,(anonymous_48)
DA:11,2
DA:12,2
DA:13,2
DA:14,2
DA:16,2
DA:17,2
DA:26,0
DA:27,0
DA:28,0
DA:29,0
DA:30,0
DA:34,0
DA:35,0
DA:36,0
DA:37,0
DA:38,0
DA:39,0
DA:43,2
DA:44,2
DA:45,2
DA:48,2
DA:49,2
DA:52,2
DA:53,2
DA:54,0
DA:56,2
DA:59,2
DA:66,0
DA:69,2
DA:73,0
DA:76,2
DA:77,0
DA:81,2
DA:84,2
DA:85,0
DA:89,2
DA:96,0
DA:98,2
DA:99,2
DA:101,2
DA:106,0
DA:107,0
DA:108,0
DA:109,0
DA:110,0
DA:111,0
DA:112,0
DA:113,0
DA:118,0
DA:119,0
DA:120,0
DA:136,0
DA:141,0
DA:142,0
DA:143,0
DA:144,0
DA:173,0
DA:174,0
DA:219,0
DA:220,0
DA:223,0
DA:224,0
DA:225,0
DA:226,0
DA:227,0
DA:228,0
DA:229,0
DA:242,0
DA:243,0
DA:247,0
DA:249,0
DA:250,0
DA:252,0
DA:254,0
DA:274,2
DA:275,2
DA:278,5
DA:279,5
DA:280,10
DA:284,1
DA:285,2
DA:289,1
DA:290,2
DA:291,2
DA:292,2
DA:293,2
DA:294,2
DA:299,8
DA:303,16
DA:304,16
DA:305,16
DA:306,16
DA:308,16
DA:309,17
DA:310,15
DA:311,15
DA:314,16
DA:315,22
DA:316,22
DA:317,22
DA:318,1
DA:319,1
DA:320,1
DA:321,1
DA:322,1
DA:323,2
DA:324,2
DA:326,1
DA:327,1
DA:333,1
DA:336,21
DA:337,21
DA:340,16
DA:341,16
DA:345,12
DA:358,1
DA:364,2
DA:372,2
DA:374,4
DA:386,2
DA:393,2
DA:422,2
DA:450,2
DA:453,2
DA:454,4
DA:455,1
DA:456,0
DA:461,0
DA:462,0
DA:463,0
DA:464,0
DA:465,0
DA:466,0
DA:468,0
DA:469,0
DA:470,0
DA:471,0
DA:472,0
DA:474,0
DA:475,0
DA:479,2
DA:481,1
DA:482,1
DA:485,1
DA:486,1
DA:489,0
DA:490,0
DA:493,0
DA:494,0
DA:497,3
DA:498,3
DA:499,3
DA:500,2
DA:501,2
DA:502,0
DA:504,2
DA:505,2
DA:506,0
DA:508,2
DA:509,0
DA:511,2
DA:527,1
DA:528,0
DA:530,1
DA:537,1
DA:539,1
DA:540,1
DA:541,0
DA:543,1
DA:544,1
DA:545,1
DA:546,1
DA:547,0
DA:549,1
DA:576,8
DA:579,1
DA:582,1
DA:585,6
DA:588,1
DA:589,1
DA:590,1
DA:591,1
DA:592,1
DA:594,1
DA:610,3
DA:613,2
DA:618,16
DA:619,16
DA:621,16
DA:632,16
LF:190
LH:115
BRDA:39,0,0,0
BRDA:39,0,1,0
BRDA:45,1,0,0
BRDA:45,1,1,2
BRDA:48,2,0,0
BRDA:48,2,1,2
BRDA:49,3,0,0
BRDA:49,3,1,2
BRDA:52,4,0,0
BRDA:52,4,1,2
BRDA:52,5,0,2
BRDA:52,5,1,2
BRDA:53,6,0,0
BRDA:53,6,1,2
BRDA:53,7,0,2
BRDA:53,7,1,2
BRDA:53,7,2,2
BRDA:53,7,3,0
BRDA:53,7,4,2
BRDA:56,8,0,0
BRDA:56,8,1,2
BRDA:59,9,0,0
BRDA:59,9,1,2
BRDA:60,10,0,2
BRDA:60,10,1,2
BRDA:60,10,2,2
BRDA:60,10,3,2
BRDA:60,10,4,2
BRDA:60,10,5,2
BRDA:60,10,6,2
BRDA:60,10,7,2
BRDA:60,10,8,2
BRDA:60,10,9,2
BRDA:60,10,10,2
BRDA:69,11,0,0
BRDA:69,11,1,2
BRDA:70,12,0,2
BRDA:70,12,1,2
BRDA:70,12,2,2
BRDA:70,12,3,2
BRDA:70,12,4,2
BRDA:70,12,5,2
BRDA:76,13,0,0
BRDA:76,13,1,2
BRDA:76,14,0,2
BRDA:76,14,1,2
BRDA:76,14,2,2
BRDA:81,15,0,0
BRDA:81,15,1,2
BRDA:81,16,0,2
BRDA:81,16,1,0
BRDA:84,17,0,0
BRDA:84,17,1,2
BRDA:84,18,0,2
BRDA:84,18,1,2
BRDA:84,18,2,2
BRDA:84,18,3,2
BRDA:89,19,0,0
BRDA:89,19,1,2
BRDA:90,20,0,2
BRDA:90,20,1,2
BRDA:90,20,2,2
BRDA:90,20,3,2
BRDA:90,20,4,2
BRDA:90,20,5,2
BRDA:90,20,6,2
BRDA:98,21,0,0
BRDA:98,21,1,2
BRDA:99,22,0,0
BRDA:99,22,1,2
BRDA:110,23,0,0
BRDA:110,23,1,0
BRDA:111,24,0,0
BRDA:111,24,1,0
BRDA:112,25,0,0
BRDA:112,25,1,0
BRDA:112,26,0,0
BRDA:112,26,1,0
BRDA:112,26,2,0
BRDA:112,26,3,0
BRDA:113,27,0,0
BRDA:113,27,1,0
BRDA:113,28,0,0
BRDA:113,28,1,0
BRDA:115,29,0,0
BRDA:115,29,1,0
BRDA:118,30,0,0
BRDA:118,30,1,0
BRDA:119,31,0,0
BRDA:119,31,1,0
BRDA:119,32,0,0
BRDA:119,32,1,0
BRDA:125,33,0,0
BRDA:125,33,1,0
BRDA:125,34,0,0
BRDA:125,34,1,0
BRDA:127,35,0,0
BRDA:127,35,1,0
BRDA:129,36,0,0
BRDA:129,36,1,0
BRDA:129,37,0,0
BRDA:129,37,1,0
BRDA:132,38,0,0
BRDA:132,38,1,0
BRDA:141,39,0,0
BRDA:141,39,1,0
BRDA:151,40,0,0
BRDA:151,40,1,0
BRDA:167,41,0,0
BRDA:167,41,1,0
BRDA:182,42,0,0
BRDA:182,42,1,0
BRDA:196,43,0,0
BRDA:196,43,1,0
BRDA:211,44,0,0
BRDA:211,44,1,0
BRDA:224,45,0,0
BRDA:224,45,1,0
BRDA:227,46,0,0
BRDA:227,46,1,0
BRDA:227,47,0,0
BRDA:227,47,1,0
BRDA:228,48,0,0
BRDA:228,48,1,0
BRDA:230,49,0,0
BRDA:230,49,1,0
BRDA:243,50,0,0
BRDA:243,50,1,0
BRDA:243,51,0,0
BRDA:243,51,1,0
BRDA:285,52,0,1
BRDA:285,52,1,1
BRDA:292,53,0,0
BRDA:292,53,1,2
BRDA:292,54,0,2
BRDA:292,54,1,0
BRDA:293,55,0,0
BRDA:293,55,1,2
BRDA:299,56,0,8
BRDA:299,56,1,0
BRDA:303,57,0,16
BRDA:303,57,1,1
BRDA:309,58,0,2
BRDA:309,58,1,15
BRDA:317,59,0,1
BRDA:317,59,1,21
BRDA:317,60,0,22
BRDA:317,60,1,1
BRDA:317,60,2,1
BRDA:322,61,0,1
BRDA:322,61,1,2
BRDA:322,61,2,2
BRDA:454,62,0,3
BRDA:454,62,1,1
BRDA:454,63,0,4
BRDA:454,63,1,1
BRDA:455,64,0,1
BRDA:455,64,1,0
BRDA:463,65,0,0
BRDA:463,65,1,0
BRDA:463,66,0,0
BRDA:463,66,1,0
BRDA:466,67,0,0
BRDA:466,67,1,0
BRDA:470,68,0,0
BRDA:470,68,1,0
BRDA:470,69,0,0
BRDA:470,69,1,0
BRDA:474,70,0,0
BRDA:474,70,1,0
BRDA:498,71,0,3
BRDA:498,71,1,2
BRDA:499,72,0,2
BRDA:499,72,1,1
BRDA:501,73,0,0
BRDA:501,73,1,2
BRDA:505,74,0,0
BRDA:505,74,1,2
BRDA:508,75,0,0
BRDA:508,75,1,2
BRDA:527,76,0,0
BRDA:527,76,1,1
BRDA:540,77,0,0
BRDA:540,77,1,1
BRDA:544,78,0,1
BRDA:544,78,1,0
BRDA:545,79,0,0
BRDA:545,79,1,1
BRDA:545,80,0,0
BRDA:545,80,1,0
BRDA:546,81,0,0
BRDA:546,81,1,1
BRDA:546,82,0,1
BRDA:546,82,1,0
BRDA:564,83,0,0
BRDA:564,83,1,1
BRDA:590,84,0,0
BRDA:590,84,1,1
BRDA:592,85,0,0
BRDA:592,85,1,1
BRDA:617,86,0,16
BRDA:619,87,0,16
BRDA:619,87,1,15
BRDA:632,88,0,1
BRDA:632,88,1,15
BRF:205
BRH:96
end_of_record
TN:
SF:src\shared\pyodide.js
FN:31,createAndInitWorker
FN:41,(anonymous_1)
FN:49,handleWorkerMessage
FN:87,isPyodideReady
FN:95,initPyodide
FN:114,runPython
FN:133,(anonymous_6)
FN:140,stopPython
FN:151,provideInput
FNF:9
FNH:0
FNDA:0,createAndInitWorker
FNDA:0,(anonymous_1)
FNDA:0,handleWorkerMessage
FNDA:0,isPyodideReady
FNDA:0,initPyodide
FNDA:0,runPython
FNDA:0,(anonymous_6)
FNDA:0,stopPython
FNDA:0,provideInput
DA:19,0
DA:20,0
DA:21,0
DA:22,0
DA:23,0
DA:24,0
DA:25,0
DA:26,0
DA:27,0
DA:33,0
DA:34,0
DA:35,0
DA:36,0
DA:39,0
DA:40,0
DA:41,0
DA:42,0
DA:43,0
DA:45,0
DA:46,0
DA:50,0
DA:52,0
DA:53,0
DA:56,0
DA:57,0
DA:58,0
DA:59,0
DA:60,0
DA:63,0
DA:64,0
DA:65,0
DA:66,0
DA:67,0
DA:68,0
DA:71,0
DA:72,0
DA:75,0
DA:76,0
DA:79,0
DA:80,0
DA:81,0
DA:88,0
DA:96,0
DA:97,0
DA:98,0
DA:100,0
DA:101,0
DA:102,0
DA:104,0
DA:115,0
DA:117,0
DA:118,0
DA:119,0
DA:121,0
DA:122,0
DA:123,0
DA:126,0
DA:131,0
DA:133,0
DA:134,0
DA:135,0
DA:141,0
DA:142,0
DA:143,0
DA:144,0
DA:145,0
DA:147,0
DA:152,0
LF:68
LH:0
BRDA:33,0,0,0
BRDA:33,0,1,0
BRDA:50,1,0,0
BRDA:50,1,1,0
BRDA:50,1,2,0
BRDA:50,1,3,0
BRDA:50,1,4,0
BRDA:50,1,5,0
BRDA:71,2,0,0
BRDA:71,2,1,0
BRDA:75,3,0,0
BRDA:75,3,1,0
BRDA:79,4,0,0
BRDA:79,4,1,0
BRDA:79,5,0,0
BRDA:79,5,1,0
BRDA:88,6,0,0
BRDA:88,6,1,0
BRDA:97,7,0,0
BRDA:97,7,1,0
BRDA:100,8,0,0
BRDA:100,8,1,0
BRDA:104,9,0,0
BRDA:104,9,1,0
BRDA:114,10,0,0
BRDA:115,11,0,0
BRDA:115,11,1,0
BRDA:121,12,0,0
BRDA:121,12,1,0
BRDA:131,13,0,0
BRDA:131,13,1,0
BRDA:141,14,0,0
BRDA:141,14,1,0
BRF:33
BRH:0
end_of_record
TN:
SF:src\shared\taskUtils.js
FN:2,flattenTasks
FN:4,(anonymous_1)
FN:10,findTaskById
FN:11,(anonymous_3)
FN:15,findGroupForTask
FN:18,(anonymous_5)
FN:18,(anonymous_6)
FN:24,getProgressItems
FN:26,(anonymous_8)
FN:28,(anonymous_9)
FN:34,updateTaskInTasks
FN:35,(anonymous_11)
FN:37,(anonymous_12)
FN:38,(anonymous_13)
FN:48,updateSubtaskTitles
FN:50,(anonymous_15)
FN:52,(anonymous_16)
FN:60,(anonymous_17)
FNF:18
FNH:18
FNDA:11,flattenTasks
FNDA:13,(anonymous_1)
FNDA:4,findTaskById
FNDA:6,(anonymous_3)
FNDA:4,findGroupForTask
FNDA:4,(anonymous_5)
FNDA:3,(anonymous_6)
FNDA:18,getProgressItems
FNDA:41,(anonymous_8)
FNDA:4,(anonymous_9)
FNDA:5,updateTaskInTasks
FNDA:7,(anonymous_11)
FNDA:2,(anonymous_12)
FNDA:4,(anonymous_13)
FNDA:5,updateSubtaskTitles
FNDA:5,(anonymous_15)
FNDA:5,(anonymous_16)
FNDA:4,(anonymous_17)
DA:3,11
DA:4,10
DA:5,13
DA:11,6
DA:16,4
DA:17,3
DA:18,4
DA:25,18
DA:26,17
DA:27,41
DA:28,4
DA:35,5
DA:36,7
DA:37,2
DA:38,4
DA:40,0
DA:42,5
DA:49,5
DA:50,4
DA:51,5
DA:52,3
DA:53,5
DA:54,5
DA:55,2
DA:57,3
DA:60,4
DA:61,3
DA:62,1
DA:64,2
DA:66,2
LF:30
LH:29
BRDA:3,0,0,1
BRDA:3,0,1,10
BRDA:5,1,0,5
BRDA:5,1,1,8
BRDA:5,2,0,5
BRDA:5,2,1,1
BRDA:11,3,0,4
BRDA:11,3,1,2
BRDA:16,4,0,1
BRDA:16,4,1,3
BRDA:17,5,0,3
BRDA:17,5,1,2
BRDA:18,6,0,4
BRDA:18,6,1,2
BRDA:18,7,0,2
BRDA:18,7,1,0
BRDA:25,8,0,1
BRDA:25,8,1,17
BRDA:27,9,0,3
BRDA:27,9,1,38
BRDA:28,10,0,3
BRDA:28,10,1,1
BRDA:36,11,0,2
BRDA:36,11,1,5
BRDA:37,12,0,2
BRDA:37,12,1,0
BRDA:37,13,0,2
BRDA:37,13,1,0
BRDA:38,14,0,2
BRDA:38,14,1,2
BRDA:42,15,0,3
BRDA:42,15,1,2
BRDA:49,16,0,1
BRDA:49,16,1,4
BRDA:51,17,0,3
BRDA:51,17,1,2
BRDA:52,18,0,3
BRDA:52,18,1,0
BRDA:53,19,0,4
BRDA:53,19,1,1
BRDA:54,20,0,2
BRDA:54,20,1,3
BRDA:61,21,0,1
BRDA:61,21,1,2
BRF:44
BRH:40
end_of_record
TN:
SF:src\shared\useIsMobile.js
FN:3,useIsMobile
FN:4,(anonymous_1)
FN:5,(anonymous_2)
FN:7,(anonymous_3)
FN:9,(anonymous_4)
FNF:5
FNH:5
FNDA:22,useIsMobile
FNDA:20,(anonymous_1)
FNDA:20,(anonymous_2)
FNDA:2,(anonymous_3)
FNDA:20,(anonymous_4)
DA:4,22
DA:5,22
DA:6,20
DA:7,20
DA:8,20
DA:9,20
DA:11,22
LF:7
LH:7
BRDA:3,0,0,22
BRF:1
BRH:1
end_of_record
